<?xml version="1.0" encoding="UTF-8"?>
<testng-results ignored="0" total="73" passed="73" failed="0" skipped="0">
  <reporter-output>
  </reporter-output>
  <suite started-at="2026-07-17T12:51:17 IST" name="Surefire suite" finished-at="2026-07-17T12:56:57 IST" duration-ms="339772">
    <groups>
    </groups>
    <test started-at="2026-07-17T12:51:17 IST" name="Surefire test" finished-at="2026-07-17T12:56:57 IST" duration-ms="339772">
      <class name="com.employee.automation.EditEmployeeTest">
        <test-method is-config="true" signature="setup()[pri:0, instance:com.employee.automation.EditEmployeeTest@70be0a2b]" started-at="2026-07-17T12:52:15 IST" name="setup" finished-at="2026-07-17T12:52:37 IST" duration-ms="22234" status="PASS">
          <reporter-output>
          </reporter-output>
        </test-method> <!-- setup -->
        <test-method signature="verifyEditEmployeePageLoaded()[pri:1, instance:com.employee.automation.EditEmployeeTest@70be0a2b]" started-at="2026-07-17T12:52:37 IST" name="verifyEditEmployeePageLoaded" finished-at="2026-07-17T12:52:37 IST" duration-ms="8" status="PASS">
          <reporter-output>
          </reporter-output>
        </test-method> <!-- verifyEditEmployeePageLoaded -->
        <test-method is-config="true" signature="tearDown()[pri:0, instance:com.employee.automation.EditEmployeeTest@70be0a2b]" started-at="2026-07-17T12:52:37 IST" name="tearDown" finished-at="2026-07-17T12:52:37 IST" duration-ms="264" status="PASS">
          <reporter-output>
          </reporter-output>
        </test-method> <!-- tearDown -->
        <test-method is-config="true" signature="setup()[pri:0, instance:com.employee.automation.EditEmployeeTest@70be0a2b]" started-at="2026-07-17T12:52:37 IST" name="setup" finished-at="2026-07-17T12:52:59 IST" duration-ms="21941" status="PASS">
          <reporter-output>
          </reporter-output>
        </test-method> <!-- setup -->
        <test-method signature="verifyEmployeeNameFieldDisplayed()[pri:2, instance:com.employee.automation.EditEmployeeTest@70be0a2b]" started-at="2026-07-17T12:52:59 IST" name="verifyEmployeeNameFieldDisplayed" finished-at="2026-07-17T12:52:59 IST" duration-ms="47" status="PASS">
          <reporter-output>
          </reporter-output>
        </test-method> <!-- verifyEmployeeNameFieldDisplayed -->
        <test-method is-config="true" signature="tearDown()[pri:0, instance:com.employee.automation.EditEmployeeTest@70be0a2b]" started-at="2026-07-17T12:52:59 IST" name="tearDown" finished-at="2026-07-17T12:52:59 IST" duration-ms="280" status="PASS">
          <reporter-output>
          </reporter-output>
        </test-method> <!-- tearDown -->
        <test-method is-config="true" signature="setup()[pri:0, instance:com.employee.automation.EditEmployeeTest@70be0a2b]" started-at="2026-07-17T12:52:59 IST" name="setup" finished-at="2026-07-17T12:53:21 IST" duration-ms="21819" status="PASS">
          <reporter-output>
          </reporter-output>
        </test-method> <!-- setup -->
        <test-method signature="verifyUpdateButtonDisplayed()[pri:3, instance:com.employee.automation.EditEmployeeTest@70be0a2b]" started-at="2026-07-17T12:53:21 IST" name="verifyUpdateButtonDisplayed" finished-at="2026-07-17T12:53:21 IST" duration-ms="59" status="PASS">
          <reporter-output>
          </reporter-output>
        </test-method> <!-- verifyUpdateButtonDisplayed -->
        <test-method is-config="true" signature="tearDown()[pri:0, instance:com.employee.automation.EditEmployeeTest@70be0a2b]" started-at="2026-07-17T12:53:21 IST" name="tearDown" finished-at="2026-07-17T12:53:21 IST" duration-ms="249" status="PASS">
          <reporter-output>
          </reporter-output>
        </test-method> <!-- tearDown -->
        <test-method is-config="true" signature="setup()[pri:0, instance:com.employee.automation.EditEmployeeTest@70be0a2b]" started-at="2026-07-17T12:53:21 IST" name="setup" finished-at="2026-07-17T12:53:43 IST" duration-ms="21758" status="PASS">
          <reporter-output>
          </reporter-output>
        </test-method> <!-- setup -->
        <test-method signature="verifyAllFieldsPresent()[pri:4, instance:com.employee.automation.EditEmployeeTest@70be0a2b]" started-at="2026-07-17T12:53:43 IST" name="verifyAllFieldsPresent" finished-at="2026-07-17T12:53:44 IST" duration-ms="398" status="PASS">
          <reporter-output>
          </reporter-output>
        </test-method> <!-- verifyAllFieldsPresent -->
        <test-method is-config="true" signature="tearDown()[pri:0, instance:com.employee.automation.EditEmployeeTest@70be0a2b]" started-at="2026-07-17T12:53:44 IST" name="tearDown" finished-at="2026-07-17T12:53:44 IST" duration-ms="262" status="PASS">
          <reporter-output>
          </reporter-output>
        </test-method> <!-- tearDown -->
        <test-method is-config="true" signature="setup()[pri:0, instance:com.employee.automation.EditEmployeeTest@70be0a2b]" started-at="2026-07-17T12:53:44 IST" name="setup" finished-at="2026-07-17T12:54:06 IST" duration-ms="22067" status="PASS">
          <reporter-output>
          </reporter-output>
        </test-method> <!-- setup -->
        <test-method signature="verifyUpdateEmployee()[pri:5, instance:com.employee.automation.EditEmployeeTest@70be0a2b]" started-at="2026-07-17T12:54:06 IST" name="verifyUpdateEmployee" finished-at="2026-07-17T12:54:09 IST" duration-ms="3073" status="PASS">
          <reporter-output>
          </reporter-output>
        </test-method> <!-- verifyUpdateEmployee -->
        <test-method is-config="true" signature="tearDown()[pri:0, instance:com.employee.automation.EditEmployeeTest@70be0a2b]" started-at="2026-07-17T12:54:09 IST" name="tearDown" finished-at="2026-07-17T12:54:09 IST" duration-ms="321" status="PASS">
          <reporter-output>
          </reporter-output>
        </test-method> <!-- tearDown -->
      </class> <!-- com.employee.automation.EditEmployeeTest -->
      <class name="com.employee.automation.AttendanceTest">
        <test-method signature="attendanceTest()[pri:0, instance:com.employee.automation.AttendanceTest@3e3047e6]" started-at="2026-07-17T12:51:51 IST" name="attendanceTest" finished-at="2026-07-17T12:52:03 IST" duration-ms="12411" status="PASS">
          <reporter-output>
          </reporter-output>
        </test-method> <!-- attendanceTest -->
      </class> <!-- com.employee.automation.AttendanceTest -->
      <class name="com.employee.automation.MyProfileTest">
        <test-method is-config="true" signature="setup()[pri:0, instance:com.employee.automation.MyProfileTest@7d3a22a9]" started-at="2026-07-17T12:56:03 IST" name="setup" finished-at="2026-07-17T12:56:06 IST" duration-ms="2934" status="PASS">
          <reporter-output>
          </reporter-output>
        </test-method> <!-- setup -->
        <test-method signature="verifyMyProfilePageLoaded()[pri:1, instance:com.employee.automation.MyProfileTest@7d3a22a9]" started-at="2026-07-17T12:56:06 IST" name="verifyMyProfilePageLoaded" finished-at="2026-07-17T12:56:06 IST" duration-ms="133" status="PASS">
          <reporter-output>
          </reporter-output>
        </test-method> <!-- verifyMyProfilePageLoaded -->
        <test-method is-config="true" signature="tearDown()[pri:0, instance:com.employee.automation.MyProfileTest@7d3a22a9]" started-at="2026-07-17T12:56:06 IST" name="tearDown" finished-at="2026-07-17T12:56:06 IST" duration-ms="221" status="PASS">
          <reporter-output>
          </reporter-output>
        </test-method> <!-- tearDown -->
        <test-method is-config="true" signature="setup()[pri:0, instance:com.employee.automation.MyProfileTest@7d3a22a9]" started-at="2026-07-17T12:56:06 IST" name="setup" finished-at="2026-07-17T12:56:08 IST" duration-ms="1717" status="PASS">
          <reporter-output>
          </reporter-output>
        </test-method> <!-- setup -->
        <test-method signature="verifyProfileHeadingDisplayed()[pri:2, instance:com.employee.automation.MyProfileTest@7d3a22a9]" started-at="2026-07-17T12:56:08 IST" name="verifyProfileHeadingDisplayed" finished-at="2026-07-17T12:56:09 IST" duration-ms="739" status="PASS">
          <reporter-output>
          </reporter-output>
        </test-method> <!-- verifyProfileHeadingDisplayed -->
        <test-method is-config="true" signature="tearDown()[pri:0, instance:com.employee.automation.MyProfileTest@7d3a22a9]" started-at="2026-07-17T12:56:09 IST" name="tearDown" finished-at="2026-07-17T12:56:09 IST" duration-ms="501" status="PASS">
          <reporter-output>
          </reporter-output>
        </test-method> <!-- tearDown -->
        <test-method is-config="true" signature="setup()[pri:0, instance:com.employee.automation.MyProfileTest@7d3a22a9]" started-at="2026-07-17T12:56:09 IST" name="setup" finished-at="2026-07-17T12:56:12 IST" duration-ms="2831" status="PASS">
          <reporter-output>
          </reporter-output>
        </test-method> <!-- setup -->
        <test-method signature="verifyProfileImageDisplayed()[pri:3, instance:com.employee.automation.MyProfileTest@7d3a22a9]" started-at="2026-07-17T12:56:12 IST" name="verifyProfileImageDisplayed" finished-at="2026-07-17T12:56:13 IST" duration-ms="545" status="PASS">
          <reporter-output>
          </reporter-output>
        </test-method> <!-- verifyProfileImageDisplayed -->
        <test-method is-config="true" signature="tearDown()[pri:0, instance:com.employee.automation.MyProfileTest@7d3a22a9]" started-at="2026-07-17T12:56:13 IST" name="tearDown" finished-at="2026-07-17T12:56:13 IST" duration-ms="254" status="PASS">
          <reporter-output>
          </reporter-output>
        </test-method> <!-- tearDown -->
        <test-method is-config="true" signature="setup()[pri:0, instance:com.employee.automation.MyProfileTest@7d3a22a9]" started-at="2026-07-17T12:56:13 IST" name="setup" finished-at="2026-07-17T12:56:15 IST" duration-ms="1663" status="PASS">
          <reporter-output>
          </reporter-output>
        </test-method> <!-- setup -->
        <test-method signature="verifyEmployeeNameDisplayed()[pri:4, instance:com.employee.automation.MyProfileTest@7d3a22a9]" started-at="2026-07-17T12:56:15 IST" name="verifyEmployeeNameDisplayed" finished-at="2026-07-17T12:56:15 IST" duration-ms="189" status="PASS">
          <reporter-output>
          </reporter-output>
        </test-method> <!-- verifyEmployeeNameDisplayed -->
        <test-method is-config="true" signature="tearDown()[pri:0, instance:com.employee.automation.MyProfileTest@7d3a22a9]" started-at="2026-07-17T12:56:15 IST" name="tearDown" finished-at="2026-07-17T12:56:15 IST" duration-ms="356" status="PASS">
          <reporter-output>
          </reporter-output>
        </test-method> <!-- tearDown -->
        <test-method is-config="true" signature="setup()[pri:0, instance:com.employee.automation.MyProfileTest@7d3a22a9]" started-at="2026-07-17T12:56:15 IST" name="setup" finished-at="2026-07-17T12:56:17 IST" duration-ms="1804" status="PASS">
          <reporter-output>
          </reporter-output>
        </test-method> <!-- setup -->
        <test-method signature="verifyDepartmentDisplayed()[pri:5, instance:com.employee.automation.MyProfileTest@7d3a22a9]" started-at="2026-07-17T12:56:17 IST" name="verifyDepartmentDisplayed" finished-at="2026-07-17T12:56:18 IST" duration-ms="1295" status="PASS">
          <reporter-output>
          </reporter-output>
        </test-method> <!-- verifyDepartmentDisplayed -->
        <test-method is-config="true" signature="tearDown()[pri:0, instance:com.employee.automation.MyProfileTest@7d3a22a9]" started-at="2026-07-17T12:56:18 IST" name="tearDown" finished-at="2026-07-17T12:56:19 IST" duration-ms="829" status="PASS">
          <reporter-output>
          </reporter-output>
        </test-method> <!-- tearDown -->
        <test-method is-config="true" signature="setup()[pri:0, instance:com.employee.automation.MyProfileTest@7d3a22a9]" started-at="2026-07-17T12:56:19 IST" name="setup" finished-at="2026-07-17T12:56:21 IST" duration-ms="1966" status="PASS">
          <reporter-output>
          </reporter-output>
        </test-method> <!-- setup -->
        <test-method signature="verifyEmployeeDetailsDisplayed()[pri:6, instance:com.employee.automation.MyProfileTest@7d3a22a9]" started-at="2026-07-17T12:56:21 IST" name="verifyEmployeeDetailsDisplayed" finished-at="2026-07-17T12:56:22 IST" duration-ms="847" status="PASS">
          <reporter-output>
          </reporter-output>
        </test-method> <!-- verifyEmployeeDetailsDisplayed -->
        <test-method is-config="true" signature="tearDown()[pri:0, instance:com.employee.automation.MyProfileTest@7d3a22a9]" started-at="2026-07-17T12:56:22 IST" name="tearDown" finished-at="2026-07-17T12:56:22 IST" duration-ms="279" status="PASS">
          <reporter-output>
          </reporter-output>
        </test-method> <!-- tearDown -->
        <test-method is-config="true" signature="setup()[pri:0, instance:com.employee.automation.MyProfileTest@7d3a22a9]" started-at="2026-07-17T12:56:22 IST" name="setup" finished-at="2026-07-17T12:56:24 IST" duration-ms="2144" status="PASS">
          <reporter-output>
          </reporter-output>
        </test-method> <!-- setup -->
        <test-method signature="verifySalaryDisplayed()[pri:7, instance:com.employee.automation.MyProfileTest@7d3a22a9]" started-at="2026-07-17T12:56:24 IST" name="verifySalaryDisplayed" finished-at="2026-07-17T12:56:25 IST" duration-ms="566" status="PASS">
          <reporter-output>
          </reporter-output>
        </test-method> <!-- verifySalaryDisplayed -->
        <test-method is-config="true" signature="tearDown()[pri:0, instance:com.employee.automation.MyProfileTest@7d3a22a9]" started-at="2026-07-17T12:56:25 IST" name="tearDown" finished-at="2026-07-17T12:56:26 IST" duration-ms="919" status="PASS">
          <reporter-output>
          </reporter-output>
        </test-method> <!-- tearDown -->
        <test-method is-config="true" signature="setup()[pri:0, instance:com.employee.automation.MyProfileTest@7d3a22a9]" started-at="2026-07-17T12:56:26 IST" name="setup" finished-at="2026-07-17T12:56:28 IST" duration-ms="1712" status="PASS">
          <reporter-output>
          </reporter-output>
        </test-method> <!-- setup -->
        <test-method signature="verifyStatusDisplayed()[pri:8, instance:com.employee.automation.MyProfileTest@7d3a22a9]" started-at="2026-07-17T12:56:28 IST" name="verifyStatusDisplayed" finished-at="2026-07-17T12:56:29 IST" duration-ms="1118" status="PASS">
          <reporter-output>
          </reporter-output>
        </test-method> <!-- verifyStatusDisplayed -->
        <test-method is-config="true" signature="tearDown()[pri:0, instance:com.employee.automation.MyProfileTest@7d3a22a9]" started-at="2026-07-17T12:56:29 IST" name="tearDown" finished-at="2026-07-17T12:56:30 IST" duration-ms="781" status="PASS">
          <reporter-output>
          </reporter-output>
        </test-method> <!-- tearDown -->
      </class> <!-- com.employee.automation.MyProfileTest -->
      <class name="com.employee.automation.ChangePasswordTest">
        <test-method is-config="true" signature="setup()[pri:0, instance:com.employee.automation.ChangePasswordTest@37e547da]" started-at="2026-07-17T12:52:03 IST" name="setup" finished-at="2026-07-17T12:52:05 IST" duration-ms="1500" status="PASS">
          <reporter-output>
          </reporter-output>
        </test-method> <!-- setup -->
        <test-method signature="verifyPageLoaded()[pri:1, instance:com.employee.automation.ChangePasswordTest@37e547da]" started-at="2026-07-17T12:52:05 IST" name="verifyPageLoaded" finished-at="2026-07-17T12:52:05 IST" duration-ms="15" status="PASS">
          <reporter-output>
          </reporter-output>
        </test-method> <!-- verifyPageLoaded -->
        <test-method is-config="true" signature="tearDown()[pri:0, instance:com.employee.automation.ChangePasswordTest@37e547da]" started-at="2026-07-17T12:52:05 IST" name="tearDown" finished-at="2026-07-17T12:52:05 IST" duration-ms="337" status="PASS">
          <reporter-output>
          </reporter-output>
        </test-method> <!-- tearDown -->
        <test-method is-config="true" signature="setup()[pri:0, instance:com.employee.automation.ChangePasswordTest@37e547da]" started-at="2026-07-17T12:52:05 IST" name="setup" finished-at="2026-07-17T12:52:06 IST" duration-ms="1489" status="PASS">
          <reporter-output>
          </reporter-output>
        </test-method> <!-- setup -->
        <test-method signature="verifyEmptyFieldsValidation()[pri:2, instance:com.employee.automation.ChangePasswordTest@37e547da]" started-at="2026-07-17T12:52:06 IST" name="verifyEmptyFieldsValidation" finished-at="2026-07-17T12:52:07 IST" duration-ms="168" status="PASS">
          <reporter-output>
          </reporter-output>
        </test-method> <!-- verifyEmptyFieldsValidation -->
        <test-method is-config="true" signature="tearDown()[pri:0, instance:com.employee.automation.ChangePasswordTest@37e547da]" started-at="2026-07-17T12:52:07 IST" name="tearDown" finished-at="2026-07-17T12:52:07 IST" duration-ms="294" status="PASS">
          <reporter-output>
          </reporter-output>
        </test-method> <!-- tearDown -->
        <test-method is-config="true" signature="setup()[pri:0, instance:com.employee.automation.ChangePasswordTest@37e547da]" started-at="2026-07-17T12:52:07 IST" name="setup" finished-at="2026-07-17T12:52:08 IST" duration-ms="1545" status="PASS">
          <reporter-output>
          </reporter-output>
        </test-method> <!-- setup -->
        <test-method signature="verifyPasswordMismatchValidation()[pri:3, instance:com.employee.automation.ChangePasswordTest@37e547da]" started-at="2026-07-17T12:52:08 IST" name="verifyPasswordMismatchValidation" finished-at="2026-07-17T12:52:09 IST" duration-ms="523" status="PASS">
          <reporter-output>
          </reporter-output>
        </test-method> <!-- verifyPasswordMismatchValidation -->
        <test-method is-config="true" signature="tearDown()[pri:0, instance:com.employee.automation.ChangePasswordTest@37e547da]" started-at="2026-07-17T12:52:09 IST" name="tearDown" finished-at="2026-07-17T12:52:09 IST" duration-ms="250" status="PASS">
          <reporter-output>
          </reporter-output>
        </test-method> <!-- tearDown -->
        <test-method is-config="true" signature="setup()[pri:0, instance:com.employee.automation.ChangePasswordTest@37e547da]" started-at="2026-07-17T12:52:09 IST" name="setup" finished-at="2026-07-17T12:52:11 IST" duration-ms="1730" status="PASS">
          <reporter-output>
          </reporter-output>
        </test-method> <!-- setup -->
        <test-method signature="verifyPasswordChangedSuccessfully()[pri:4, instance:com.employee.automation.ChangePasswordTest@37e547da]" started-at="2026-07-17T12:52:11 IST" name="verifyPasswordChangedSuccessfully" finished-at="2026-07-17T12:52:11 IST" duration-ms="542" status="PASS">
          <reporter-output>
          </reporter-output>
        </test-method> <!-- verifyPasswordChangedSuccessfully -->
        <test-method is-config="true" signature="tearDown()[pri:0, instance:com.employee.automation.ChangePasswordTest@37e547da]" started-at="2026-07-17T12:52:11 IST" name="tearDown" finished-at="2026-07-17T12:52:12 IST" duration-ms="224" status="PASS">
          <reporter-output>
          </reporter-output>
        </test-method> <!-- tearDown -->
        <test-method is-config="true" signature="setup()[pri:0, instance:com.employee.automation.ChangePasswordTest@37e547da]" started-at="2026-07-17T12:52:12 IST" name="setup" finished-at="2026-07-17T12:52:13 IST" duration-ms="1577" status="PASS">
          <reporter-output>
          </reporter-output>
        </test-method> <!-- setup -->
        <test-method signature="verifyFieldsAreCleared()[pri:5, instance:com.employee.automation.ChangePasswordTest@37e547da]" started-at="2026-07-17T12:52:13 IST" name="verifyFieldsAreCleared" finished-at="2026-07-17T12:52:14 IST" duration-ms="741" status="PASS">
          <reporter-output>
          </reporter-output>
        </test-method> <!-- verifyFieldsAreCleared -->
        <test-method is-config="true" signature="tearDown()[pri:0, instance:com.employee.automation.ChangePasswordTest@37e547da]" started-at="2026-07-17T12:52:14 IST" name="tearDown" finished-at="2026-07-17T12:52:15 IST" duration-ms="517" status="PASS">
          <reporter-output>
          </reporter-output>
        </test-method> <!-- tearDown -->
      </class> <!-- com.employee.automation.ChangePasswordTest -->
      <class name="com.employee.automation.AddEmployeeTest">
        <test-method signature="addEmployee()[pri:0, instance:com.employee.automation.AddEmployeeTest@2aa5fe93]" started-at="2026-07-17T12:51:17 IST" name="addEmployee" finished-at="2026-07-17T12:51:31 IST" duration-ms="13624" status="PASS">
          <reporter-output>
          </reporter-output>
        </test-method> <!-- addEmployee -->
      </class> <!-- com.employee.automation.AddEmployeeTest -->
      <class name="com.employee.automation.NoticeTest">
        <test-method is-config="true" signature="setup()[pri:0, instance:com.employee.automation.NoticeTest@1d082e88]" started-at="2026-07-17T12:56:30 IST" name="setup" finished-at="2026-07-17T12:56:31 IST" duration-ms="1756" status="PASS">
          <reporter-output>
          </reporter-output>
        </test-method> <!-- setup -->
        <test-method signature="verifyNoticePageLoaded()[pri:1, instance:com.employee.automation.NoticeTest@1d082e88]" started-at="2026-07-17T12:56:31 IST" name="verifyNoticePageLoaded" finished-at="2026-07-17T12:56:31 IST" duration-ms="14" status="PASS">
          <reporter-output>
          </reporter-output>
        </test-method> <!-- verifyNoticePageLoaded -->
        <test-method is-config="true" signature="closeBrowser()[pri:0, instance:com.employee.automation.NoticeTest@1d082e88]" started-at="2026-07-17T12:56:31 IST" name="closeBrowser" finished-at="2026-07-17T12:56:32 IST" duration-ms="316" status="PASS">
          <reporter-output>
          </reporter-output>
        </test-method> <!-- closeBrowser -->
        <test-method is-config="true" signature="setup()[pri:0, instance:com.employee.automation.NoticeTest@1d082e88]" started-at="2026-07-17T12:56:32 IST" name="setup" finished-at="2026-07-17T12:56:34 IST" duration-ms="1930" status="PASS">
          <reporter-output>
          </reporter-output>
        </test-method> <!-- setup -->
        <test-method signature="verifyHeadingDisplayed()[pri:2, instance:com.employee.automation.NoticeTest@1d082e88]" started-at="2026-07-17T12:56:34 IST" name="verifyHeadingDisplayed" finished-at="2026-07-17T12:56:34 IST" duration-ms="67" status="PASS">
          <reporter-output>
          </reporter-output>
        </test-method> <!-- verifyHeadingDisplayed -->
        <test-method is-config="true" signature="closeBrowser()[pri:0, instance:com.employee.automation.NoticeTest@1d082e88]" started-at="2026-07-17T12:56:34 IST" name="closeBrowser" finished-at="2026-07-17T12:56:34 IST" duration-ms="260" status="PASS">
          <reporter-output>
          </reporter-output>
        </test-method> <!-- closeBrowser -->
        <test-method is-config="true" signature="setup()[pri:0, instance:com.employee.automation.NoticeTest@1d082e88]" started-at="2026-07-17T12:56:34 IST" name="setup" finished-at="2026-07-17T12:56:36 IST" duration-ms="1991" status="PASS">
          <reporter-output>
          </reporter-output>
        </test-method> <!-- setup -->
        <test-method signature="verifyDescriptionDisplayed()[pri:3, instance:com.employee.automation.NoticeTest@1d082e88]" started-at="2026-07-17T12:56:36 IST" name="verifyDescriptionDisplayed" finished-at="2026-07-17T12:56:36 IST" duration-ms="98" status="PASS">
          <reporter-output>
          </reporter-output>
        </test-method> <!-- verifyDescriptionDisplayed -->
        <test-method is-config="true" signature="closeBrowser()[pri:0, instance:com.employee.automation.NoticeTest@1d082e88]" started-at="2026-07-17T12:56:36 IST" name="closeBrowser" finished-at="2026-07-17T12:56:36 IST" duration-ms="411" status="PASS">
          <reporter-output>
          </reporter-output>
        </test-method> <!-- closeBrowser -->
        <test-method is-config="true" signature="setup()[pri:0, instance:com.employee.automation.NoticeTest@1d082e88]" started-at="2026-07-17T12:56:36 IST" name="setup" finished-at="2026-07-17T12:56:38 IST" duration-ms="1819" status="PASS">
          <reporter-output>
          </reporter-output>
        </test-method> <!-- setup -->
        <test-method signature="verifyTeamMeeting()[pri:4, instance:com.employee.automation.NoticeTest@1d082e88]" started-at="2026-07-17T12:56:38 IST" name="verifyTeamMeeting" finished-at="2026-07-17T12:56:38 IST" duration-ms="69" status="PASS">
          <reporter-output>
          </reporter-output>
        </test-method> <!-- verifyTeamMeeting -->
        <test-method is-config="true" signature="closeBrowser()[pri:0, instance:com.employee.automation.NoticeTest@1d082e88]" started-at="2026-07-17T12:56:38 IST" name="closeBrowser" finished-at="2026-07-17T12:56:40 IST" duration-ms="1314" status="PASS">
          <reporter-output>
          </reporter-output>
        </test-method> <!-- closeBrowser -->
        <test-method is-config="true" signature="setup()[pri:0, instance:com.employee.automation.NoticeTest@1d082e88]" started-at="2026-07-17T12:56:40 IST" name="setup" finished-at="2026-07-17T12:56:41 IST" duration-ms="1925" status="PASS">
          <reporter-output>
          </reporter-output>
        </test-method> <!-- setup -->
        <test-method signature="verifyPublicHoliday()[pri:5, instance:com.employee.automation.NoticeTest@1d082e88]" started-at="2026-07-17T12:56:41 IST" name="verifyPublicHoliday" finished-at="2026-07-17T12:56:42 IST" duration-ms="49" status="PASS">
          <reporter-output>
          </reporter-output>
        </test-method> <!-- verifyPublicHoliday -->
        <test-method is-config="true" signature="closeBrowser()[pri:0, instance:com.employee.automation.NoticeTest@1d082e88]" started-at="2026-07-17T12:56:42 IST" name="closeBrowser" finished-at="2026-07-17T12:56:43 IST" duration-ms="1241" status="PASS">
          <reporter-output>
          </reporter-output>
        </test-method> <!-- closeBrowser -->
        <test-method is-config="true" signature="setup()[pri:0, instance:com.employee.automation.NoticeTest@1d082e88]" started-at="2026-07-17T12:56:43 IST" name="setup" finished-at="2026-07-17T12:56:45 IST" duration-ms="2357" status="PASS">
          <reporter-output>
          </reporter-output>
        </test-method> <!-- setup -->
        <test-method signature="verifySalaryUpdate()[pri:6, instance:com.employee.automation.NoticeTest@1d082e88]" started-at="2026-07-17T12:56:45 IST" name="verifySalaryUpdate" finished-at="2026-07-17T12:56:45 IST" duration-ms="52" status="PASS">
          <reporter-output>
          </reporter-output>
        </test-method> <!-- verifySalaryUpdate -->
        <test-method is-config="true" signature="closeBrowser()[pri:0, instance:com.employee.automation.NoticeTest@1d082e88]" started-at="2026-07-17T12:56:45 IST" name="closeBrowser" finished-at="2026-07-17T12:56:46 IST" duration-ms="954" status="PASS">
          <reporter-output>
          </reporter-output>
        </test-method> <!-- closeBrowser -->
        <test-method is-config="true" signature="setup()[pri:0, instance:com.employee.automation.NoticeTest@1d082e88]" started-at="2026-07-17T12:56:46 IST" name="setup" finished-at="2026-07-17T12:56:48 IST" duration-ms="1883" status="PASS">
          <reporter-output>
          </reporter-output>
        </test-method> <!-- setup -->
        <test-method signature="verifyBirthdayWishes()[pri:7, instance:com.employee.automation.NoticeTest@1d082e88]" started-at="2026-07-17T12:56:48 IST" name="verifyBirthdayWishes" finished-at="2026-07-17T12:56:48 IST" duration-ms="58" status="PASS">
          <reporter-output>
          </reporter-output>
        </test-method> <!-- verifyBirthdayWishes -->
        <test-method is-config="true" signature="closeBrowser()[pri:0, instance:com.employee.automation.NoticeTest@1d082e88]" started-at="2026-07-17T12:56:48 IST" name="closeBrowser" finished-at="2026-07-17T12:56:49 IST" duration-ms="1248" status="PASS">
          <reporter-output>
          </reporter-output>
        </test-method> <!-- closeBrowser -->
        <test-method is-config="true" signature="setup()[pri:0, instance:com.employee.automation.NoticeTest@1d082e88]" started-at="2026-07-17T12:56:49 IST" name="setup" finished-at="2026-07-17T12:56:51 IST" duration-ms="1766" status="PASS">
          <reporter-output>
          </reporter-output>
        </test-method> <!-- setup -->
        <test-method signature="verifyTrainingProgram()[pri:8, instance:com.employee.automation.NoticeTest@1d082e88]" started-at="2026-07-17T12:56:51 IST" name="verifyTrainingProgram" finished-at="2026-07-17T12:56:51 IST" duration-ms="57" status="PASS">
          <reporter-output>
          </reporter-output>
        </test-method> <!-- verifyTrainingProgram -->
        <test-method is-config="true" signature="closeBrowser()[pri:0, instance:com.employee.automation.NoticeTest@1d082e88]" started-at="2026-07-17T12:56:51 IST" name="closeBrowser" finished-at="2026-07-17T12:56:52 IST" duration-ms="1044" status="PASS">
          <reporter-output>
          </reporter-output>
        </test-method> <!-- closeBrowser -->
        <test-method is-config="true" signature="setup()[pri:0, instance:com.employee.automation.NoticeTest@1d082e88]" started-at="2026-07-17T12:56:52 IST" name="setup" finished-at="2026-07-17T12:56:54 IST" duration-ms="1862" status="PASS">
          <reporter-output>
          </reporter-output>
        </test-method> <!-- setup -->
        <test-method signature="verifyEmployeeOfMonth()[pri:9, instance:com.employee.automation.NoticeTest@1d082e88]" started-at="2026-07-17T12:56:54 IST" name="verifyEmployeeOfMonth" finished-at="2026-07-17T12:56:54 IST" duration-ms="66" status="PASS">
          <reporter-output>
          </reporter-output>
        </test-method> <!-- verifyEmployeeOfMonth -->
        <test-method is-config="true" signature="closeBrowser()[pri:0, instance:com.employee.automation.NoticeTest@1d082e88]" started-at="2026-07-17T12:56:54 IST" name="closeBrowser" finished-at="2026-07-17T12:56:54 IST" duration-ms="318" status="PASS">
          <reporter-output>
          </reporter-output>
        </test-method> <!-- closeBrowser -->
        <test-method is-config="true" signature="setup()[pri:0, instance:com.employee.automation.NoticeTest@1d082e88]" started-at="2026-07-17T12:56:54 IST" name="setup" finished-at="2026-07-17T12:56:56 IST" duration-ms="1891" status="PASS">
          <reporter-output>
          </reporter-output>
        </test-method> <!-- setup -->
        <test-method signature="verifyTotalNoticeCards()[pri:10, instance:com.employee.automation.NoticeTest@1d082e88]" started-at="2026-07-17T12:56:56 IST" name="verifyTotalNoticeCards" finished-at="2026-07-17T12:56:56 IST" duration-ms="16" status="PASS">
          <reporter-output>
          </reporter-output>
        </test-method> <!-- verifyTotalNoticeCards -->
        <test-method is-config="true" signature="closeBrowser()[pri:0, instance:com.employee.automation.NoticeTest@1d082e88]" started-at="2026-07-17T12:56:56 IST" name="closeBrowser" finished-at="2026-07-17T12:56:57 IST" duration-ms="393" status="PASS">
          <reporter-output>
          </reporter-output>
        </test-method> <!-- closeBrowser -->
      </class> <!-- com.employee.automation.NoticeTest -->
      <class name="com.employee.automation.EmployeeDashboardTest">
        <test-method is-config="true" signature="setup()[pri:0, instance:com.employee.automation.EmployeeDashboardTest@2133814f]" started-at="2026-07-17T12:54:09 IST" name="setup" finished-at="2026-07-17T12:54:11 IST" duration-ms="1502" status="PASS">
          <reporter-output>
          </reporter-output>
        </test-method> <!-- setup -->
        <test-method signature="verifyEmployeeDashboardPageLoaded()[pri:1, instance:com.employee.automation.EmployeeDashboardTest@2133814f]" started-at="2026-07-17T12:54:11 IST" name="verifyEmployeeDashboardPageLoaded" finished-at="2026-07-17T12:54:11 IST" duration-ms="11" status="PASS">
          <reporter-output>
          </reporter-output>
        </test-method> <!-- verifyEmployeeDashboardPageLoaded -->
        <test-method is-config="true" signature="tearDown()[pri:0, instance:com.employee.automation.EmployeeDashboardTest@2133814f]" started-at="2026-07-17T12:54:11 IST" name="tearDown" finished-at="2026-07-17T12:54:11 IST" duration-ms="311" status="PASS">
          <reporter-output>
          </reporter-output>
        </test-method> <!-- tearDown -->
        <test-method is-config="true" signature="setup()[pri:0, instance:com.employee.automation.EmployeeDashboardTest@2133814f]" started-at="2026-07-17T12:54:11 IST" name="setup" finished-at="2026-07-17T12:54:13 IST" duration-ms="1531" status="PASS">
          <reporter-output>
          </reporter-output>
        </test-method> <!-- setup -->
        <test-method signature="verifyWelcomeMessageDisplayed()[pri:2, instance:com.employee.automation.EmployeeDashboardTest@2133814f]" started-at="2026-07-17T12:54:13 IST" name="verifyWelcomeMessageDisplayed" finished-at="2026-07-17T12:54:13 IST" duration-ms="41" status="PASS">
          <reporter-output>
          </reporter-output>
        </test-method> <!-- verifyWelcomeMessageDisplayed -->
        <test-method is-config="true" signature="tearDown()[pri:0, instance:com.employee.automation.EmployeeDashboardTest@2133814f]" started-at="2026-07-17T12:54:13 IST" name="tearDown" finished-at="2026-07-17T12:54:14 IST" duration-ms="993" status="PASS">
          <reporter-output>
          </reporter-output>
        </test-method> <!-- tearDown -->
        <test-method is-config="true" signature="setup()[pri:0, instance:com.employee.automation.EmployeeDashboardTest@2133814f]" started-at="2026-07-17T12:54:14 IST" name="setup" finished-at="2026-07-17T12:54:15 IST" duration-ms="1491" status="PASS">
          <reporter-output>
          </reporter-output>
        </test-method> <!-- setup -->
        <test-method signature="verifyEmployeeIdDisplayed()[pri:3, instance:com.employee.automation.EmployeeDashboardTest@2133814f]" started-at="2026-07-17T12:54:15 IST" name="verifyEmployeeIdDisplayed" finished-at="2026-07-17T12:54:15 IST" duration-ms="44" status="PASS">
          <reporter-output>
          </reporter-output>
        </test-method> <!-- verifyEmployeeIdDisplayed -->
        <test-method is-config="true" signature="tearDown()[pri:0, instance:com.employee.automation.EmployeeDashboardTest@2133814f]" started-at="2026-07-17T12:54:15 IST" name="tearDown" finished-at="2026-07-17T12:54:16 IST" duration-ms="796" status="PASS">
          <reporter-output>
          </reporter-output>
        </test-method> <!-- tearDown -->
        <test-method is-config="true" signature="setup()[pri:0, instance:com.employee.automation.EmployeeDashboardTest@2133814f]" started-at="2026-07-17T12:54:16 IST" name="setup" finished-at="2026-07-17T12:54:18 IST" duration-ms="1740" status="PASS">
          <reporter-output>
          </reporter-output>
        </test-method> <!-- setup -->
        <test-method signature="verifyMyProfileCardDisplayed()[pri:4, instance:com.employee.automation.EmployeeDashboardTest@2133814f]" started-at="2026-07-17T12:54:18 IST" name="verifyMyProfileCardDisplayed" finished-at="2026-07-17T12:54:18 IST" duration-ms="50" status="PASS">
          <reporter-output>
          </reporter-output>
        </test-method> <!-- verifyMyProfileCardDisplayed -->
        <test-method is-config="true" signature="tearDown()[pri:0, instance:com.employee.automation.EmployeeDashboardTest@2133814f]" started-at="2026-07-17T12:54:18 IST" name="tearDown" finished-at="2026-07-17T12:54:19 IST" duration-ms="742" status="PASS">
          <reporter-output>
          </reporter-output>
        </test-method> <!-- tearDown -->
        <test-method is-config="true" signature="setup()[pri:0, instance:com.employee.automation.EmployeeDashboardTest@2133814f]" started-at="2026-07-17T12:54:19 IST" name="setup" finished-at="2026-07-17T12:54:20 IST" duration-ms="1551" status="PASS">
          <reporter-output>
          </reporter-output>
        </test-method> <!-- setup -->
        <test-method signature="verifySalaryCardDisplayed()[pri:5, instance:com.employee.automation.EmployeeDashboardTest@2133814f]" started-at="2026-07-17T12:54:20 IST" name="verifySalaryCardDisplayed" finished-at="2026-07-17T12:54:20 IST" duration-ms="47" status="PASS">
          <reporter-output>
          </reporter-output>
        </test-method> <!-- verifySalaryCardDisplayed -->
        <test-method is-config="true" signature="tearDown()[pri:0, instance:com.employee.automation.EmployeeDashboardTest@2133814f]" started-at="2026-07-17T12:54:20 IST" name="tearDown" finished-at="2026-07-17T12:54:21 IST" duration-ms="349" status="PASS">
          <reporter-output>
          </reporter-output>
        </test-method> <!-- tearDown -->
        <test-method is-config="true" signature="setup()[pri:0, instance:com.employee.automation.EmployeeDashboardTest@2133814f]" started-at="2026-07-17T12:54:21 IST" name="setup" finished-at="2026-07-17T12:54:22 IST" duration-ms="1650" status="PASS">
          <reporter-output>
          </reporter-output>
        </test-method> <!-- setup -->
        <test-method signature="verifyAttendanceCardDisplayed()[pri:6, instance:com.employee.automation.EmployeeDashboardTest@2133814f]" started-at="2026-07-17T12:54:22 IST" name="verifyAttendanceCardDisplayed" finished-at="2026-07-17T12:54:22 IST" duration-ms="40" status="PASS">
          <reporter-output>
          </reporter-output>
        </test-method> <!-- verifyAttendanceCardDisplayed -->
        <test-method is-config="true" signature="tearDown()[pri:0, instance:com.employee.automation.EmployeeDashboardTest@2133814f]" started-at="2026-07-17T12:54:22 IST" name="tearDown" finished-at="2026-07-17T12:54:23 IST" duration-ms="438" status="PASS">
          <reporter-output>
          </reporter-output>
        </test-method> <!-- tearDown -->
        <test-method is-config="true" signature="setup()[pri:0, instance:com.employee.automation.EmployeeDashboardTest@2133814f]" started-at="2026-07-17T12:54:23 IST" name="setup" finished-at="2026-07-17T12:54:24 IST" duration-ms="1675" status="PASS">
          <reporter-output>
          </reporter-output>
        </test-method> <!-- setup -->
        <test-method signature="verifyLeaveCardDisplayed()[pri:7, instance:com.employee.automation.EmployeeDashboardTest@2133814f]" started-at="2026-07-17T12:54:24 IST" name="verifyLeaveCardDisplayed" finished-at="2026-07-17T12:54:24 IST" duration-ms="46" status="PASS">
          <reporter-output>
          </reporter-output>
        </test-method> <!-- verifyLeaveCardDisplayed -->
        <test-method is-config="true" signature="tearDown()[pri:0, instance:com.employee.automation.EmployeeDashboardTest@2133814f]" started-at="2026-07-17T12:54:24 IST" name="tearDown" finished-at="2026-07-17T12:54:25 IST" duration-ms="497" status="PASS">
          <reporter-output>
          </reporter-output>
        </test-method> <!-- tearDown -->
        <test-method is-config="true" signature="setup()[pri:0, instance:com.employee.automation.EmployeeDashboardTest@2133814f]" started-at="2026-07-17T12:54:25 IST" name="setup" finished-at="2026-07-17T12:54:27 IST" duration-ms="1708" status="PASS">
          <reporter-output>
          </reporter-output>
        </test-method> <!-- setup -->
        <test-method signature="verifyNoticeCardDisplayed()[pri:8, instance:com.employee.automation.EmployeeDashboardTest@2133814f]" started-at="2026-07-17T12:54:27 IST" name="verifyNoticeCardDisplayed" finished-at="2026-07-17T12:54:27 IST" duration-ms="44" status="PASS">
          <reporter-output>
          </reporter-output>
        </test-method> <!-- verifyNoticeCardDisplayed -->
        <test-method is-config="true" signature="tearDown()[pri:0, instance:com.employee.automation.EmployeeDashboardTest@2133814f]" started-at="2026-07-17T12:54:27 IST" name="tearDown" finished-at="2026-07-17T12:54:27 IST" duration-ms="358" status="PASS">
          <reporter-output>
          </reporter-output>
        </test-method> <!-- tearDown -->
        <test-method is-config="true" signature="setup()[pri:0, instance:com.employee.automation.EmployeeDashboardTest@2133814f]" started-at="2026-07-17T12:54:27 IST" name="setup" finished-at="2026-07-17T12:54:29 IST" duration-ms="1749" status="PASS">
          <reporter-output>
          </reporter-output>
        </test-method> <!-- setup -->
        <test-method signature="verifyChangePasswordCardDisplayed()[pri:9, instance:com.employee.automation.EmployeeDashboardTest@2133814f]" started-at="2026-07-17T12:54:29 IST" name="verifyChangePasswordCardDisplayed" finished-at="2026-07-17T12:54:29 IST" duration-ms="43" status="PASS">
          <reporter-output>
          </reporter-output>
        </test-method> <!-- verifyChangePasswordCardDisplayed -->
        <test-method is-config="true" signature="tearDown()[pri:0, instance:com.employee.automation.EmployeeDashboardTest@2133814f]" started-at="2026-07-17T12:54:29 IST" name="tearDown" finished-at="2026-07-17T12:54:29 IST" duration-ms="341" status="PASS">
          <reporter-output>
          </reporter-output>
        </test-method> <!-- tearDown -->
      </class> <!-- com.employee.automation.EmployeeDashboardTest -->
      <class name="com.employee.automation.HomeTest">
        <test-method is-config="true" signature="setup()[pri:0, instance:com.employee.automation.HomeTest@23986957]" started-at="2026-07-17T12:54:54 IST" name="setup" finished-at="2026-07-17T12:54:56 IST" duration-ms="1655" status="PASS">
          <reporter-output>
          </reporter-output>
        </test-method> <!-- setup -->
        <test-method signature="verifyHomePageLoaded()[pri:1, instance:com.employee.automation.HomeTest@23986957]" started-at="2026-07-17T12:54:56 IST" name="verifyHomePageLoaded" finished-at="2026-07-17T12:54:56 IST" duration-ms="10" status="PASS">
          <reporter-output>
          </reporter-output>
        </test-method> <!-- verifyHomePageLoaded -->
        <test-method is-config="true" signature="tearDown()[pri:0, instance:com.employee.automation.HomeTest@23986957]" started-at="2026-07-17T12:54:56 IST" name="tearDown" finished-at="2026-07-17T12:54:56 IST" duration-ms="430" status="PASS">
          <reporter-output>
          </reporter-output>
        </test-method> <!-- tearDown -->
        <test-method is-config="true" signature="setup()[pri:0, instance:com.employee.automation.HomeTest@23986957]" started-at="2026-07-17T12:54:56 IST" name="setup" finished-at="2026-07-17T12:54:58 IST" duration-ms="1925" status="PASS">
          <reporter-output>
          </reporter-output>
        </test-method> <!-- setup -->
        <test-method signature="verifyHeadingDisplayed()[pri:2, instance:com.employee.automation.HomeTest@23986957]" started-at="2026-07-17T12:54:58 IST" name="verifyHeadingDisplayed" finished-at="2026-07-17T12:54:58 IST" duration-ms="70" status="PASS">
          <reporter-output>
          </reporter-output>
        </test-method> <!-- verifyHeadingDisplayed -->
        <test-method is-config="true" signature="tearDown()[pri:0, instance:com.employee.automation.HomeTest@23986957]" started-at="2026-07-17T12:54:58 IST" name="tearDown" finished-at="2026-07-17T12:54:59 IST" duration-ms="447" status="PASS">
          <reporter-output>
          </reporter-output>
        </test-method> <!-- tearDown -->
        <test-method is-config="true" signature="setup()[pri:0, instance:com.employee.automation.HomeTest@23986957]" started-at="2026-07-17T12:54:59 IST" name="setup" finished-at="2026-07-17T12:55:01 IST" duration-ms="1847" status="PASS">
          <reporter-output>
          </reporter-output>
        </test-method> <!-- setup -->
        <test-method signature="verifyDashboardCardsDisplayed()[pri:3, instance:com.employee.automation.HomeTest@23986957]" started-at="2026-07-17T12:55:01 IST" name="verifyDashboardCardsDisplayed" finished-at="2026-07-17T12:55:01 IST" duration-ms="25" status="PASS">
          <reporter-output>
          </reporter-output>
        </test-method> <!-- verifyDashboardCardsDisplayed -->
        <test-method is-config="true" signature="tearDown()[pri:0, instance:com.employee.automation.HomeTest@23986957]" started-at="2026-07-17T12:55:01 IST" name="tearDown" finished-at="2026-07-17T12:55:01 IST" duration-ms="342" status="PASS">
          <reporter-output>
          </reporter-output>
        </test-method> <!-- tearDown -->
        <test-method is-config="true" signature="setup()[pri:0, instance:com.employee.automation.HomeTest@23986957]" started-at="2026-07-17T12:55:01 IST" name="setup" finished-at="2026-07-17T12:55:03 IST" duration-ms="1876" status="PASS">
          <reporter-output>
          </reporter-output>
        </test-method> <!-- setup -->
        <test-method signature="verifyViewEmployeesButtonDisplayed()[pri:4, instance:com.employee.automation.HomeTest@23986957]" started-at="2026-07-17T12:55:03 IST" name="verifyViewEmployeesButtonDisplayed" finished-at="2026-07-17T12:55:03 IST" duration-ms="43" status="PASS">
          <reporter-output>
          </reporter-output>
        </test-method> <!-- verifyViewEmployeesButtonDisplayed -->
        <test-method is-config="true" signature="tearDown()[pri:0, instance:com.employee.automation.HomeTest@23986957]" started-at="2026-07-17T12:55:03 IST" name="tearDown" finished-at="2026-07-17T12:55:03 IST" duration-ms="335" status="PASS">
          <reporter-output>
          </reporter-output>
        </test-method> <!-- tearDown -->
        <test-method is-config="true" signature="setup()[pri:0, instance:com.employee.automation.HomeTest@23986957]" started-at="2026-07-17T12:55:03 IST" name="setup" finished-at="2026-07-17T12:55:07 IST" duration-ms="3598" status="PASS">
          <reporter-output>
          </reporter-output>
        </test-method> <!-- setup -->
        <test-method signature="verifyAddEmployeeButtonDisplayed()[pri:5, instance:com.employee.automation.HomeTest@23986957]" started-at="2026-07-17T12:55:07 IST" name="verifyAddEmployeeButtonDisplayed" finished-at="2026-07-17T12:55:07 IST" duration-ms="76" status="PASS">
          <reporter-output>
          </reporter-output>
        </test-method> <!-- verifyAddEmployeeButtonDisplayed -->
        <test-method is-config="true" signature="tearDown()[pri:0, instance:com.employee.automation.HomeTest@23986957]" started-at="2026-07-17T12:55:07 IST" name="tearDown" finished-at="2026-07-17T12:55:07 IST" duration-ms="415" status="PASS">
          <reporter-output>
          </reporter-output>
        </test-method> <!-- tearDown -->
        <test-method is-config="true" signature="setup()[pri:0, instance:com.employee.automation.HomeTest@23986957]" started-at="2026-07-17T12:55:07 IST" name="setup" finished-at="2026-07-17T12:55:09 IST" duration-ms="1648" status="PASS">
          <reporter-output>
          </reporter-output>
        </test-method> <!-- setup -->
        <test-method signature="verifyAdminDashboardButtonDisplayed()[pri:6, instance:com.employee.automation.HomeTest@23986957]" started-at="2026-07-17T12:55:09 IST" name="verifyAdminDashboardButtonDisplayed" finished-at="2026-07-17T12:55:09 IST" duration-ms="59" status="PASS">
          <reporter-output>
          </reporter-output>
        </test-method> <!-- verifyAdminDashboardButtonDisplayed -->
        <test-method is-config="true" signature="tearDown()[pri:0, instance:com.employee.automation.HomeTest@23986957]" started-at="2026-07-17T12:55:09 IST" name="tearDown" finished-at="2026-07-17T12:55:10 IST" duration-ms="423" status="PASS">
          <reporter-output>
          </reporter-output>
        </test-method> <!-- tearDown -->
        <test-method is-config="true" signature="setup()[pri:0, instance:com.employee.automation.HomeTest@23986957]" started-at="2026-07-17T12:55:10 IST" name="setup" finished-at="2026-07-17T12:55:11 IST" duration-ms="1029" status="PASS">
          <reporter-output>
          </reporter-output>
        </test-method> <!-- setup -->
        <test-method signature="verifyEmployeeDashboardButtonDisplayed()[pri:7, instance:com.employee.automation.HomeTest@23986957]" started-at="2026-07-17T12:55:11 IST" name="verifyEmployeeDashboardButtonDisplayed" finished-at="2026-07-17T12:55:12 IST" duration-ms="1249" status="PASS">
          <reporter-output>
          </reporter-output>
        </test-method> <!-- verifyEmployeeDashboardButtonDisplayed -->
        <test-method is-config="true" signature="tearDown()[pri:0, instance:com.employee.automation.HomeTest@23986957]" started-at="2026-07-17T12:55:12 IST" name="tearDown" finished-at="2026-07-17T12:55:12 IST" duration-ms="317" status="PASS">
          <reporter-output>
          </reporter-output>
        </test-method> <!-- tearDown -->
        <test-method is-config="true" signature="setup()[pri:0, instance:com.employee.automation.HomeTest@23986957]" started-at="2026-07-17T12:55:12 IST" name="setup" finished-at="2026-07-17T12:55:14 IST" duration-ms="1743" status="PASS">
          <reporter-output>
          </reporter-output>
        </test-method> <!-- setup -->
        <test-method signature="verifyRecentEmployeesHeadingDisplayed()[pri:8, instance:com.employee.automation.HomeTest@23986957]" started-at="2026-07-17T12:55:14 IST" name="verifyRecentEmployeesHeadingDisplayed" finished-at="2026-07-17T12:55:14 IST" duration-ms="52" status="PASS">
          <reporter-output>
          </reporter-output>
        </test-method> <!-- verifyRecentEmployeesHeadingDisplayed -->
        <test-method is-config="true" signature="tearDown()[pri:0, instance:com.employee.automation.HomeTest@23986957]" started-at="2026-07-17T12:55:14 IST" name="tearDown" finished-at="2026-07-17T12:55:14 IST" duration-ms="446" status="PASS">
          <reporter-output>
          </reporter-output>
        </test-method> <!-- tearDown -->
        <test-method is-config="true" signature="setup()[pri:0, instance:com.employee.automation.HomeTest@23986957]" started-at="2026-07-17T12:55:14 IST" name="setup" finished-at="2026-07-17T12:55:16 IST" duration-ms="1756" status="PASS">
          <reporter-output>
          </reporter-output>
        </test-method> <!-- setup -->
        <test-method signature="verifyRecentEmployeesTableDisplayed()[pri:9, instance:com.employee.automation.HomeTest@23986957]" started-at="2026-07-17T12:55:16 IST" name="verifyRecentEmployeesTableDisplayed" finished-at="2026-07-17T12:55:17 IST" duration-ms="953" status="PASS">
          <reporter-output>
          </reporter-output>
        </test-method> <!-- verifyRecentEmployeesTableDisplayed -->
        <test-method is-config="true" signature="tearDown()[pri:0, instance:com.employee.automation.HomeTest@23986957]" started-at="2026-07-17T12:55:17 IST" name="tearDown" finished-at="2026-07-17T12:55:18 IST" duration-ms="553" status="PASS">
          <reporter-output>
          </reporter-output>
        </test-method> <!-- tearDown -->
        <test-method is-config="true" signature="setup()[pri:0, instance:com.employee.automation.HomeTest@23986957]" started-at="2026-07-17T12:55:18 IST" name="setup" finished-at="2026-07-17T12:55:19 IST" duration-ms="1758" status="PASS">
          <reporter-output>
          </reporter-output>
        </test-method> <!-- setup -->
        <test-method signature="verifyRecentEmployeesRowsPresent()[pri:10, instance:com.employee.automation.HomeTest@23986957]" started-at="2026-07-17T12:55:19 IST" name="verifyRecentEmployeesRowsPresent" finished-at="2026-07-17T12:55:20 IST" duration-ms="829" status="PASS">
          <reporter-output>
          </reporter-output>
        </test-method> <!-- verifyRecentEmployeesRowsPresent -->
        <test-method is-config="true" signature="tearDown()[pri:0, instance:com.employee.automation.HomeTest@23986957]" started-at="2026-07-17T12:55:20 IST" name="tearDown" finished-at="2026-07-17T12:55:21 IST" duration-ms="672" status="PASS">
          <reporter-output>
          </reporter-output>
        </test-method> <!-- tearDown -->
      </class> <!-- com.employee.automation.HomeTest -->
      <class name="com.employee.automation.LoginTest">
        <test-method is-config="true" signature="setup()[pri:0, instance:com.employee.automation.LoginTest@1e730495]" started-at="2026-07-17T12:55:42 IST" name="setup" finished-at="2026-07-17T12:55:43 IST" duration-ms="1649" status="PASS">
          <reporter-output>
          </reporter-output>
        </test-method> <!-- setup -->
        <test-method signature="verifyLoginPageLoaded()[pri:1, instance:com.employee.automation.LoginTest@1e730495]" started-at="2026-07-17T12:55:43 IST" name="verifyLoginPageLoaded" finished-at="2026-07-17T12:55:43 IST" duration-ms="18" status="PASS">
          <reporter-output>
          </reporter-output>
        </test-method> <!-- verifyLoginPageLoaded -->
        <test-method is-config="true" signature="tearDown()[pri:0, instance:com.employee.automation.LoginTest@1e730495]" started-at="2026-07-17T12:55:43 IST" name="tearDown" finished-at="2026-07-17T12:55:44 IST" duration-ms="638" status="PASS">
          <reporter-output>
          </reporter-output>
        </test-method> <!-- tearDown -->
        <test-method is-config="true" signature="setup()[pri:0, instance:com.employee.automation.LoginTest@1e730495]" started-at="2026-07-17T12:55:44 IST" name="setup" finished-at="2026-07-17T12:55:46 IST" duration-ms="1705" status="PASS">
          <reporter-output>
          </reporter-output>
        </test-method> <!-- setup -->
        <test-method signature="verifyLoginFieldsDisplayed()[pri:2, instance:com.employee.automation.LoginTest@1e730495]" started-at="2026-07-17T12:55:46 IST" name="verifyLoginFieldsDisplayed" finished-at="2026-07-17T12:55:46 IST" duration-ms="138" status="PASS">
          <reporter-output>
          </reporter-output>
        </test-method> <!-- verifyLoginFieldsDisplayed -->
        <test-method is-config="true" signature="tearDown()[pri:0, instance:com.employee.automation.LoginTest@1e730495]" started-at="2026-07-17T12:55:46 IST" name="tearDown" finished-at="2026-07-17T12:55:46 IST" duration-ms="286" status="PASS">
          <reporter-output>
          </reporter-output>
        </test-method> <!-- tearDown -->
        <test-method is-config="true" signature="setup()[pri:0, instance:com.employee.automation.LoginTest@1e730495]" started-at="2026-07-17T12:55:46 IST" name="setup" finished-at="2026-07-17T12:55:48 IST" duration-ms="1832" status="PASS">
          <reporter-output>
          </reporter-output>
        </test-method> <!-- setup -->
        <test-method signature="verifyEmptyLoginValidation()[pri:3, instance:com.employee.automation.LoginTest@1e730495]" started-at="2026-07-17T12:55:48 IST" name="verifyEmptyLoginValidation" finished-at="2026-07-17T12:55:48 IST" duration-ms="154" status="PASS">
          <reporter-output>
          </reporter-output>
        </test-method> <!-- verifyEmptyLoginValidation -->
        <test-method is-config="true" signature="tearDown()[pri:0, instance:com.employee.automation.LoginTest@1e730495]" started-at="2026-07-17T12:55:48 IST" name="tearDown" finished-at="2026-07-17T12:55:48 IST" duration-ms="421" status="PASS">
          <reporter-output>
          </reporter-output>
        </test-method> <!-- tearDown -->
        <test-method is-config="true" signature="setup()[pri:0, instance:com.employee.automation.LoginTest@1e730495]" started-at="2026-07-17T12:55:48 IST" name="setup" finished-at="2026-07-17T12:55:50 IST" duration-ms="1824" status="PASS">
          <reporter-output>
          </reporter-output>
        </test-method> <!-- setup -->
        <test-method signature="verifyAdminLogin()[pri:4, instance:com.employee.automation.LoginTest@1e730495]" started-at="2026-07-17T12:55:50 IST" name="verifyAdminLogin" finished-at="2026-07-17T12:55:51 IST" duration-ms="592" status="PASS">
          <reporter-output>
          </reporter-output>
        </test-method> <!-- verifyAdminLogin -->
        <test-method is-config="true" signature="tearDown()[pri:0, instance:com.employee.automation.LoginTest@1e730495]" started-at="2026-07-17T12:55:51 IST" name="tearDown" finished-at="2026-07-17T12:55:52 IST" duration-ms="961" status="PASS">
          <reporter-output>
          </reporter-output>
        </test-method> <!-- tearDown -->
        <test-method is-config="true" signature="setup()[pri:0, instance:com.employee.automation.LoginTest@1e730495]" started-at="2026-07-17T12:55:52 IST" name="setup" finished-at="2026-07-17T12:55:54 IST" duration-ms="1874" status="PASS">
          <reporter-output>
          </reporter-output>
        </test-method> <!-- setup -->
        <test-method signature="verifyEmployeeLogin()[pri:5, instance:com.employee.automation.LoginTest@1e730495]" started-at="2026-07-17T12:55:54 IST" name="verifyEmployeeLogin" finished-at="2026-07-17T12:55:56 IST" duration-ms="2043" status="PASS">
          <reporter-output>
          </reporter-output>
        </test-method> <!-- verifyEmployeeLogin -->
        <test-method is-config="true" signature="tearDown()[pri:0, instance:com.employee.automation.LoginTest@1e730495]" started-at="2026-07-17T12:55:56 IST" name="tearDown" finished-at="2026-07-17T12:55:56 IST" duration-ms="331" status="PASS">
          <reporter-output>
          </reporter-output>
        </test-method> <!-- tearDown -->
        <test-method is-config="true" signature="setup()[pri:0, instance:com.employee.automation.LoginTest@1e730495]" started-at="2026-07-17T12:55:56 IST" name="setup" finished-at="2026-07-17T12:55:58 IST" duration-ms="2028" status="PASS">
          <reporter-output>
          </reporter-output>
        </test-method> <!-- setup -->
        <test-method signature="verifyInvalidLogin()[pri:6, instance:com.employee.automation.LoginTest@1e730495]" started-at="2026-07-17T12:55:58 IST" name="verifyInvalidLogin" finished-at="2026-07-17T12:55:58 IST" duration-ms="335" status="PASS">
          <reporter-output>
          </reporter-output>
        </test-method> <!-- verifyInvalidLogin -->
        <test-method is-config="true" signature="tearDown()[pri:0, instance:com.employee.automation.LoginTest@1e730495]" started-at="2026-07-17T12:55:58 IST" name="tearDown" finished-at="2026-07-17T12:55:59 IST" duration-ms="733" status="PASS">
          <reporter-output>
          </reporter-output>
        </test-method> <!-- tearDown -->
        <test-method is-config="true" signature="setup()[pri:0, instance:com.employee.automation.LoginTest@1e730495]" started-at="2026-07-17T12:55:59 IST" name="setup" finished-at="2026-07-17T12:56:01 IST" duration-ms="1635" status="PASS">
          <reporter-output>
          </reporter-output>
        </test-method> <!-- setup -->
        <test-method signature="verifyEmployeeNotFound()[pri:7, instance:com.employee.automation.LoginTest@1e730495]" started-at="2026-07-17T12:56:01 IST" name="verifyEmployeeNotFound" finished-at="2026-07-17T12:56:03 IST" duration-ms="1916" status="PASS">
          <reporter-output>
          </reporter-output>
        </test-method> <!-- verifyEmployeeNotFound -->
        <test-method is-config="true" signature="tearDown()[pri:0, instance:com.employee.automation.LoginTest@1e730495]" started-at="2026-07-17T12:56:03 IST" name="tearDown" finished-at="2026-07-17T12:56:03 IST" duration-ms="380" status="PASS">
          <reporter-output>
          </reporter-output>
        </test-method> <!-- tearDown -->
      </class> <!-- com.employee.automation.LoginTest -->
      <class name="com.employee.automation.EmployeesTest">
        <test-method is-config="true" signature="setup()[pri:0, instance:com.employee.automation.EmployeesTest@4c15e7fd]" started-at="2026-07-17T12:54:29 IST" name="setup" finished-at="2026-07-17T12:54:31 IST" duration-ms="1976" status="PASS">
          <reporter-output>
          </reporter-output>
        </test-method> <!-- setup -->
        <test-method signature="verifyEmployeesPageLoaded()[pri:1, instance:com.employee.automation.EmployeesTest@4c15e7fd]" started-at="2026-07-17T12:54:31 IST" name="verifyEmployeesPageLoaded" finished-at="2026-07-17T12:54:31 IST" duration-ms="18" status="PASS">
          <reporter-output>
          </reporter-output>
        </test-method> <!-- verifyEmployeesPageLoaded -->
        <test-method is-config="true" signature="tearDown()[pri:0, instance:com.employee.automation.EmployeesTest@4c15e7fd]" started-at="2026-07-17T12:54:31 IST" name="tearDown" finished-at="2026-07-17T12:54:31 IST" duration-ms="265" status="PASS">
          <reporter-output>
          </reporter-output>
        </test-method> <!-- tearDown -->
        <test-method is-config="true" signature="setup()[pri:0, instance:com.employee.automation.EmployeesTest@4c15e7fd]" started-at="2026-07-17T12:54:31 IST" name="setup" finished-at="2026-07-17T12:54:33 IST" duration-ms="1755" status="PASS">
          <reporter-output>
          </reporter-output>
        </test-method> <!-- setup -->
        <test-method signature="verifyHeadingDisplayed()[pri:2, instance:com.employee.automation.EmployeesTest@4c15e7fd]" started-at="2026-07-17T12:54:33 IST" name="verifyHeadingDisplayed" finished-at="2026-07-17T12:54:33 IST" duration-ms="58" status="PASS">
          <reporter-output>
          </reporter-output>
        </test-method> <!-- verifyHeadingDisplayed -->
        <test-method is-config="true" signature="tearDown()[pri:0, instance:com.employee.automation.EmployeesTest@4c15e7fd]" started-at="2026-07-17T12:54:33 IST" name="tearDown" finished-at="2026-07-17T12:54:33 IST" duration-ms="264" status="PASS">
          <reporter-output>
          </reporter-output>
        </test-method> <!-- tearDown -->
        <test-method is-config="true" signature="setup()[pri:0, instance:com.employee.automation.EmployeesTest@4c15e7fd]" started-at="2026-07-17T12:54:33 IST" name="setup" finished-at="2026-07-17T12:54:35 IST" duration-ms="1623" status="PASS">
          <reporter-output>
          </reporter-output>
        </test-method> <!-- setup -->
        <test-method signature="verifyDepartmentFilterDisplayed()[pri:3, instance:com.employee.automation.EmployeesTest@4c15e7fd]" started-at="2026-07-17T12:54:35 IST" name="verifyDepartmentFilterDisplayed" finished-at="2026-07-17T12:54:35 IST" duration-ms="64" status="PASS">
          <reporter-output>
          </reporter-output>
        </test-method> <!-- verifyDepartmentFilterDisplayed -->
        <test-method is-config="true" signature="tearDown()[pri:0, instance:com.employee.automation.EmployeesTest@4c15e7fd]" started-at="2026-07-17T12:54:35 IST" name="tearDown" finished-at="2026-07-17T12:54:36 IST" duration-ms="979" status="PASS">
          <reporter-output>
          </reporter-output>
        </test-method> <!-- tearDown -->
        <test-method is-config="true" signature="setup()[pri:0, instance:com.employee.automation.EmployeesTest@4c15e7fd]" started-at="2026-07-17T12:54:36 IST" name="setup" finished-at="2026-07-17T12:54:38 IST" duration-ms="1719" status="PASS">
          <reporter-output>
          </reporter-output>
        </test-method> <!-- setup -->
        <test-method signature="verifyDepartmentFilterWorks()[pri:4, instance:com.employee.automation.EmployeesTest@4c15e7fd]" started-at="2026-07-17T12:54:38 IST" name="verifyDepartmentFilterWorks" finished-at="2026-07-17T12:54:38 IST" duration-ms="401" status="PASS">
          <reporter-output>
          </reporter-output>
        </test-method> <!-- verifyDepartmentFilterWorks -->
        <test-method is-config="true" signature="tearDown()[pri:0, instance:com.employee.automation.EmployeesTest@4c15e7fd]" started-at="2026-07-17T12:54:38 IST" name="tearDown" finished-at="2026-07-17T12:54:39 IST" duration-ms="712" status="PASS">
          <reporter-output>
          </reporter-output>
        </test-method> <!-- tearDown -->
        <test-method is-config="true" signature="setup()[pri:0, instance:com.employee.automation.EmployeesTest@4c15e7fd]" started-at="2026-07-17T12:54:39 IST" name="setup" finished-at="2026-07-17T12:54:41 IST" duration-ms="2024" status="PASS">
          <reporter-output>
          </reporter-output>
        </test-method> <!-- setup -->
        <test-method signature="verifyEmployeeTableDisplayed()[pri:5, instance:com.employee.automation.EmployeesTest@4c15e7fd]" started-at="2026-07-17T12:54:41 IST" name="verifyEmployeeTableDisplayed" finished-at="2026-07-17T12:54:41 IST" duration-ms="63" status="PASS">
          <reporter-output>
          </reporter-output>
        </test-method> <!-- verifyEmployeeTableDisplayed -->
        <test-method is-config="true" signature="tearDown()[pri:0, instance:com.employee.automation.EmployeesTest@4c15e7fd]" started-at="2026-07-17T12:54:41 IST" name="tearDown" finished-at="2026-07-17T12:54:41 IST" duration-ms="310" status="PASS">
          <reporter-output>
          </reporter-output>
        </test-method> <!-- tearDown -->
        <test-method is-config="true" signature="setup()[pri:0, instance:com.employee.automation.EmployeesTest@4c15e7fd]" started-at="2026-07-17T12:54:41 IST" name="setup" finished-at="2026-07-17T12:54:43 IST" duration-ms="1680" status="PASS">
          <reporter-output>
          </reporter-output>
        </test-method> <!-- setup -->
        <test-method signature="verifyEmployeeRowsPresent()[pri:6, instance:com.employee.automation.EmployeesTest@4c15e7fd]" started-at="2026-07-17T12:54:43 IST" name="verifyEmployeeRowsPresent" finished-at="2026-07-17T12:54:43 IST" duration-ms="33" status="PASS">
          <reporter-output>
          </reporter-output>
        </test-method> <!-- verifyEmployeeRowsPresent -->
        <test-method is-config="true" signature="tearDown()[pri:0, instance:com.employee.automation.EmployeesTest@4c15e7fd]" started-at="2026-07-17T12:54:43 IST" name="tearDown" finished-at="2026-07-17T12:54:44 IST" duration-ms="473" status="PASS">
          <reporter-output>
          </reporter-output>
        </test-method> <!-- tearDown -->
        <test-method is-config="true" signature="setup()[pri:0, instance:com.employee.automation.EmployeesTest@4c15e7fd]" started-at="2026-07-17T12:54:44 IST" name="setup" finished-at="2026-07-17T12:54:45 IST" duration-ms="1920" status="PASS">
          <reporter-output>
          </reporter-output>
        </test-method> <!-- setup -->
        <test-method signature="verifyEditButtonDisplayed()[pri:7, instance:com.employee.automation.EmployeesTest@4c15e7fd]" started-at="2026-07-17T12:54:45 IST" name="verifyEditButtonDisplayed" finished-at="2026-07-17T12:54:46 IST" duration-ms="1014" status="PASS">
          <reporter-output>
          </reporter-output>
        </test-method> <!-- verifyEditButtonDisplayed -->
        <test-method is-config="true" signature="tearDown()[pri:0, instance:com.employee.automation.EmployeesTest@4c15e7fd]" started-at="2026-07-17T12:54:46 IST" name="tearDown" finished-at="2026-07-17T12:54:47 IST" duration-ms="357" status="PASS">
          <reporter-output>
          </reporter-output>
        </test-method> <!-- tearDown -->
        <test-method is-config="true" signature="setup()[pri:0, instance:com.employee.automation.EmployeesTest@4c15e7fd]" started-at="2026-07-17T12:54:47 IST" name="setup" finished-at="2026-07-17T12:54:48 IST" duration-ms="1622" status="PASS">
          <reporter-output>
          </reporter-output>
        </test-method> <!-- setup -->
        <test-method signature="verifyDeleteButtonDisplayed()[pri:8, instance:com.employee.automation.EmployeesTest@4c15e7fd]" started-at="2026-07-17T12:54:48 IST" name="verifyDeleteButtonDisplayed" finished-at="2026-07-17T12:54:50 IST" duration-ms="1566" status="PASS">
          <reporter-output>
          </reporter-output>
        </test-method> <!-- verifyDeleteButtonDisplayed -->
        <test-method is-config="true" signature="tearDown()[pri:0, instance:com.employee.automation.EmployeesTest@4c15e7fd]" started-at="2026-07-17T12:54:50 IST" name="tearDown" finished-at="2026-07-17T12:54:51 IST" duration-ms="655" status="PASS">
          <reporter-output>
          </reporter-output>
        </test-method> <!-- tearDown -->
        <test-method is-config="true" signature="setup()[pri:0, instance:com.employee.automation.EmployeesTest@4c15e7fd]" started-at="2026-07-17T12:54:51 IST" name="setup" finished-at="2026-07-17T12:54:53 IST" duration-ms="1865" status="PASS">
          <reporter-output>
          </reporter-output>
        </test-method> <!-- setup -->
        <test-method signature="verifyDeleteConfirmationPopup()[pri:9, instance:com.employee.automation.EmployeesTest@4c15e7fd]" started-at="2026-07-17T12:54:53 IST" name="verifyDeleteConfirmationPopup" finished-at="2026-07-17T12:54:54 IST" duration-ms="1160" status="PASS">
          <reporter-output>
          </reporter-output>
        </test-method> <!-- verifyDeleteConfirmationPopup -->
        <test-method is-config="true" signature="tearDown()[pri:0, instance:com.employee.automation.EmployeesTest@4c15e7fd]" started-at="2026-07-17T12:54:54 IST" name="tearDown" finished-at="2026-07-17T12:54:54 IST" duration-ms="607" status="PASS">
          <reporter-output>
          </reporter-output>
        </test-method> <!-- tearDown -->
      </class> <!-- com.employee.automation.EmployeesTest -->
      <class name="com.employee.automation.AdminDashboardTest">
        <test-method signature="adminDashboardTest()[pri:0, instance:com.employee.automation.AdminDashboardTest@13acb0d1]" started-at="2026-07-17T12:51:31 IST" name="adminDashboardTest" finished-at="2026-07-17T12:51:51 IST" duration-ms="19964" status="PASS">
          <reporter-output>
          </reporter-output>
        </test-method> <!-- adminDashboardTest -->
      </class> <!-- com.employee.automation.AdminDashboardTest -->
      <class name="com.employee.automation.LeaveTest">
        <test-method is-config="true" signature="setup()[pri:0, instance:com.employee.automation.LeaveTest@23f7d05d]" started-at="2026-07-17T12:55:21 IST" name="setup" finished-at="2026-07-17T12:55:25 IST" duration-ms="4244" status="PASS">
          <reporter-output>
          </reporter-output>
        </test-method> <!-- setup -->
        <test-method signature="verifyLeavePageLoaded()[pri:1, instance:com.employee.automation.LeaveTest@23f7d05d]" started-at="2026-07-17T12:55:25 IST" name="verifyLeavePageLoaded" finished-at="2026-07-17T12:55:25 IST" duration-ms="13" status="PASS">
          <reporter-output>
          </reporter-output>
        </test-method> <!-- verifyLeavePageLoaded -->
        <test-method is-config="true" signature="tearDown()[pri:0, instance:com.employee.automation.LeaveTest@23f7d05d]" started-at="2026-07-17T12:55:25 IST" name="tearDown" finished-at="2026-07-17T12:55:25 IST" duration-ms="188" status="PASS">
          <reporter-output>
          </reporter-output>
        </test-method> <!-- tearDown -->
        <test-method is-config="true" signature="setup()[pri:0, instance:com.employee.automation.LeaveTest@23f7d05d]" started-at="2026-07-17T12:55:25 IST" name="setup" finished-at="2026-07-17T12:55:27 IST" duration-ms="1627" status="PASS">
          <reporter-output>
          </reporter-output>
        </test-method> <!-- setup -->
        <test-method signature="verifyHeadingDisplayed()[pri:2, instance:com.employee.automation.LeaveTest@23f7d05d]" started-at="2026-07-17T12:55:27 IST" name="verifyHeadingDisplayed" finished-at="2026-07-17T12:55:27 IST" duration-ms="45" status="PASS">
          <reporter-output>
          </reporter-output>
        </test-method> <!-- verifyHeadingDisplayed -->
        <test-method is-config="true" signature="tearDown()[pri:0, instance:com.employee.automation.LeaveTest@23f7d05d]" started-at="2026-07-17T12:55:27 IST" name="tearDown" finished-at="2026-07-17T12:55:27 IST" duration-ms="393" status="PASS">
          <reporter-output>
          </reporter-output>
        </test-method> <!-- tearDown -->
        <test-method is-config="true" signature="setup()[pri:0, instance:com.employee.automation.LeaveTest@23f7d05d]" started-at="2026-07-17T12:55:27 IST" name="setup" finished-at="2026-07-17T12:55:30 IST" duration-ms="2529" status="PASS">
          <reporter-output>
          </reporter-output>
        </test-method> <!-- setup -->
        <test-method signature="verifyLeaveTypeDropdownDisplayed()[pri:3, instance:com.employee.automation.LeaveTest@23f7d05d]" started-at="2026-07-17T12:55:30 IST" name="verifyLeaveTypeDropdownDisplayed" finished-at="2026-07-17T12:55:30 IST" duration-ms="27" status="PASS">
          <reporter-output>
          </reporter-output>
        </test-method> <!-- verifyLeaveTypeDropdownDisplayed -->
        <test-method is-config="true" signature="tearDown()[pri:0, instance:com.employee.automation.LeaveTest@23f7d05d]" started-at="2026-07-17T12:55:30 IST" name="tearDown" finished-at="2026-07-17T12:55:30 IST" duration-ms="487" status="PASS">
          <reporter-output>
          </reporter-output>
        </test-method> <!-- tearDown -->
        <test-method is-config="true" signature="setup()[pri:0, instance:com.employee.automation.LeaveTest@23f7d05d]" started-at="2026-07-17T12:55:30 IST" name="setup" finished-at="2026-07-17T12:55:33 IST" duration-ms="2551" status="PASS">
          <reporter-output>
          </reporter-output>
        </test-method> <!-- setup -->
        <test-method signature="verifyLeaveFormSubmission()[pri:4, instance:com.employee.automation.LeaveTest@23f7d05d]" started-at="2026-07-17T12:55:33 IST" name="verifyLeaveFormSubmission" finished-at="2026-07-17T12:55:34 IST" duration-ms="655" status="PASS">
          <reporter-output>
          </reporter-output>
        </test-method> <!-- verifyLeaveFormSubmission -->
        <test-method is-config="true" signature="tearDown()[pri:0, instance:com.employee.automation.LeaveTest@23f7d05d]" started-at="2026-07-17T12:55:34 IST" name="tearDown" finished-at="2026-07-17T12:55:34 IST" duration-ms="532" status="PASS">
          <reporter-output>
          </reporter-output>
        </test-method> <!-- tearDown -->
        <test-method is-config="true" signature="setup()[pri:0, instance:com.employee.automation.LeaveTest@23f7d05d]" started-at="2026-07-17T12:55:34 IST" name="setup" finished-at="2026-07-17T12:55:36 IST" duration-ms="1606" status="PASS">
          <reporter-output>
          </reporter-output>
        </test-method> <!-- setup -->
        <test-method signature="verifyLeaveStatusTableDisplayed()[pri:5, instance:com.employee.automation.LeaveTest@23f7d05d]" started-at="2026-07-17T12:55:36 IST" name="verifyLeaveStatusTableDisplayed" finished-at="2026-07-17T12:55:36 IST" duration-ms="35" status="PASS">
          <reporter-output>
          </reporter-output>
        </test-method> <!-- verifyLeaveStatusTableDisplayed -->
        <test-method is-config="true" signature="tearDown()[pri:0, instance:com.employee.automation.LeaveTest@23f7d05d]" started-at="2026-07-17T12:55:36 IST" name="tearDown" finished-at="2026-07-17T12:55:36 IST" duration-ms="417" status="PASS">
          <reporter-output>
          </reporter-output>
        </test-method> <!-- tearDown -->
        <test-method is-config="true" signature="setup()[pri:0, instance:com.employee.automation.LeaveTest@23f7d05d]" started-at="2026-07-17T12:55:36 IST" name="setup" finished-at="2026-07-17T12:55:38 IST" duration-ms="2182" status="PASS">
          <reporter-output>
          </reporter-output>
        </test-method> <!-- setup -->
        <test-method signature="verifyApprovedStatusDisplayed()[pri:6, instance:com.employee.automation.LeaveTest@23f7d05d]" started-at="2026-07-17T12:55:38 IST" name="verifyApprovedStatusDisplayed" finished-at="2026-07-17T12:55:39 IST" duration-ms="49" status="PASS">
          <reporter-output>
          </reporter-output>
        </test-method> <!-- verifyApprovedStatusDisplayed -->
        <test-method is-config="true" signature="tearDown()[pri:0, instance:com.employee.automation.LeaveTest@23f7d05d]" started-at="2026-07-17T12:55:39 IST" name="tearDown" finished-at="2026-07-17T12:55:39 IST" duration-ms="436" status="PASS">
          <reporter-output>
          </reporter-output>
        </test-method> <!-- tearDown -->
        <test-method is-config="true" signature="setup()[pri:0, instance:com.employee.automation.LeaveTest@23f7d05d]" started-at="2026-07-17T12:55:39 IST" name="setup" finished-at="2026-07-17T12:55:41 IST" duration-ms="2287" status="PASS">
          <reporter-output>
          </reporter-output>
        </test-method> <!-- setup -->
        <test-method signature="verifyPendingStatusDisplayed()[pri:7, instance:com.employee.automation.LeaveTest@23f7d05d]" started-at="2026-07-17T12:55:41 IST" name="verifyPendingStatusDisplayed" finished-at="2026-07-17T12:55:41 IST" duration-ms="58" status="PASS">
          <reporter-output>
          </reporter-output>
        </test-method> <!-- verifyPendingStatusDisplayed -->
        <test-method is-config="true" signature="tearDown()[pri:0, instance:com.employee.automation.LeaveTest@23f7d05d]" started-at="2026-07-17T12:55:41 IST" name="tearDown" finished-at="2026-07-17T12:55:42 IST" duration-ms="329" status="PASS">
          <reporter-output>
          </reporter-output>
        </test-method> <!-- tearDown -->
      </class> <!-- com.employee.automation.LeaveTest -->
    </test> <!-- Surefire test -->
  </suite> <!-- Surefire suite -->
</testng-results>
