<?xml version="1.0" encoding="UTF-8"?>
<testsuite xmlns:xsi="http://www.w3.org/2001/XMLSchema-instance" xsi:noNamespaceSchemaLocation="https://maven.apache.org/surefire/maven-surefire-plugin/xsd/surefire-test-report.xsd" version="3.0.1" name="TestSuite" time="340.757" tests="73" errors="0" skipped="0" failures="0">
  <properties>
[...]
</properties>
  <testcase name="addEmployee" classname="com.employee.automation.AddEmployeeTest" time="13.625">
    <system-err><![CDATA[SLF4J(W): No SLF4J providers were found.
SLF4J(W): Defaulting to no-operation (NOP) logger implementation
SLF4J(W): See https://www.slf4j.org/codes.html#noProviders for further details.
Jul 17, 2026 12:51:22 PM org.openqa.selenium.devtools.CdpVersionFinder findNearestMatch
WARNING: Unable to find an exact match for CDP version 150, returning the closest version; found: 149; Please update to a Selenium version that supports CDP version 150
]]></system-err>
  </testcase>
  <testcase name="adminDashboardTest" classname="com.employee.automation.AdminDashboardTest" time="19.957">
    <system-out><![CDATA[Admin Dashboard opened successfully
]]></system-out>
    <system-err><![CDATA[Jul 17, 2026 12:51:32 PM org.openqa.selenium.devtools.CdpVersionFinder findNearestMatch
WARNING: Unable to find an exact match for CDP version 150, returning the closest version; found: 149; Please update to a Selenium version that supports CDP version 150
]]></system-err>
  </testcase>
  <testcase name="attendanceTest" classname="com.employee.automation.AttendanceTest" time="12.412">
    <system-out><![CDATA[Test Failed
]]></system-out>
    <system-err><![CDATA[Jul 17, 2026 12:51:51 PM org.openqa.selenium.devtools.CdpVersionFinder findNearestMatch
WARNING: Unable to find an exact match for CDP version 150, returning the closest version; found: 149; Please update to a Selenium version that supports CDP version 150
org.openqa.selenium.TimeoutException: Expected condition failed: waiting for visibility of element found by By.tagName: h1, but... org.openqa.selenium.NoSuchElementException: no such element: Unable to locate element: {"method":"tag name","selector":"h1"}.
(tried for 10 seconds with 500 milliseconds interval)
Build info: version: '4.45.0', revision: 'cd6a3cd cd6a3cdfca6970f62e5bc8344109d0fe0e2af05e'
System info: os.name: 'Windows 11', os.arch: 'amd64', os.version: '10.0', java.version: '26.0.1'
Driver info: org.openqa.selenium.chrome.ChromeDriver
Capabilities {acceptInsecureCerts: false, browserName: chrome, browserVersion: 150.0.7871.116, chrome: {chromedriverVersion: 150.0.7871.124 (9261fd0a595..., userDataDir: C:\Users\Admin\AppData\Loca...}, fedcm:accounts: true, goog:chromeOptions: {debuggerAddress: localhost:49403}, goog:processID: 13496, networkConnectionEnabled: false, pageLoadStrategy: normal, platformName: windows, proxy: Proxy(), se:cdp: ws://localhost:49403/devtoo..., se:cdpVersion: 150.0.7871.116, setWindowRect: true, strictFileInteractability: false, timeouts: {implicit: 0, pageLoad: 300000, script: 30000}, unhandledPromptBehavior: dismiss and notify, webauthn:extension:credBlob: true, webauthn:extension:largeBlob: true, webauthn:extension:minPinLength: true, webauthn:extension:prf: true, webauthn:virtualAuthenticators: true}
Session ID: c5a78046379be42af8820dd3aa849dbf
	at org.openqa.selenium.support.ui.WebDriverWait.timeoutException(WebDriverWait.java:85)
	at org.openqa.selenium.support.ui.FluentWait.until(FluentWait.java:234)
	at com.employee.automation.AttendanceTest.attendanceTest(AttendanceTest.java:32)
	at java.base/jdk.internal.reflect.DirectMethodHandleAccessor.invoke(DirectMethodHandleAccessor.java:104)
	at java.base/java.lang.reflect.Method.invoke(Method.java:565)
	at org.testng.internal.invokers.MethodInvocationHelper.invokeMethod(MethodInvocationHelper.java:141)
	at org.testng.internal.invokers.TestInvoker.invokeMethod(TestInvoker.java:697)
	at org.testng.internal.invokers.TestInvoker.invokeTestMethod(TestInvoker.java:230)
	at org.testng.internal.invokers.MethodRunner.runInSequence(MethodRunner.java:63)
	at org.testng.internal.invokers.TestInvoker$MethodInvocationAgent.invoke(TestInvoker.java:1005)
	at org.testng.internal.invokers.TestInvoker.invokeTestMethods(TestInvoker.java:203)
	at org.testng.internal.invokers.TestMethodWorker.invokeTestMethods(TestMethodWorker.java:154)
	at org.testng.internal.invokers.TestMethodWorker.run(TestMethodWorker.java:134)
	at java.base/java.util.ArrayList.forEach(ArrayList.java:1612)
	at org.testng.TestRunner.privateRun(TestRunner.java:744)
	at org.testng.TestRunner.run(TestRunner.java:616)
	at org.testng.SuiteRunner.runTest(SuiteRunner.java:421)
	at org.testng.SuiteRunner.runSequentially(SuiteRunner.java:413)
	at org.testng.SuiteRunner.privateRun(SuiteRunner.java:373)
	at org.testng.SuiteRunner.run(SuiteRunner.java:312)
	at org.testng.SuiteRunnerWorker.runSuite(SuiteRunnerWorker.java:52)
	at org.testng.SuiteRunnerWorker.run(SuiteRunnerWorker.java:95)
	at org.testng.TestNG.runSuitesSequentially(TestNG.java:1274)
	at org.testng.TestNG.runSuitesLocally(TestNG.java:1208)
	at org.testng.TestNG.runSuites(TestNG.java:1112)
	at org.testng.TestNG.run(TestNG.java:1079)
	at org.apache.maven.surefire.testng.TestNGExecutor.run(TestNGExecutor.java:155)
	at org.apache.maven.surefire.testng.TestNGDirectoryTestSuite.executeMulti(TestNGDirectoryTestSuite.java:169)
	at org.apache.maven.surefire.testng.TestNGDirectoryTestSuite.execute(TestNGDirectoryTestSuite.java:88)
	at org.apache.maven.surefire.testng.TestNGProvider.invoke(TestNGProvider.java:137)
	at org.apache.maven.surefire.booter.ForkedBooter.runSuitesInProcess(ForkedBooter.java:385)
	at org.apache.maven.surefire.booter.ForkedBooter.execute(ForkedBooter.java:162)
	at org.apache.maven.surefire.booter.ForkedBooter.run(ForkedBooter.java:507)
	at org.apache.maven.surefire.booter.ForkedBooter.main(ForkedBooter.java:495)
]]></system-err>
  </testcase>
  <testcase name="verifyPageLoaded" classname="com.employee.automation.ChangePasswordTest" time="0.011">
    <system-err><![CDATA[Jul 17, 2026 12:52:04 PM org.openqa.selenium.devtools.CdpVersionFinder findNearestMatch
WARNING: Unable to find an exact match for CDP version 150, returning the closest version; found: 149; Please update to a Selenium version that supports CDP version 150
]]></system-err>
  </testcase>
  <testcase name="verifyEmptyFieldsValidation" classname="com.employee.automation.ChangePasswordTest" time="0.161">
    <system-err><![CDATA[Jul 17, 2026 12:52:06 PM org.openqa.selenium.devtools.CdpVersionFinder findNearestMatch
WARNING: Unable to find an exact match for CDP version 150, returning the closest version; found: 149; Please update to a Selenium version that supports CDP version 150
]]></system-err>
  </testcase>
  <testcase name="verifyPasswordMismatchValidation" classname="com.employee.automation.ChangePasswordTest" time="0.523">
    <system-err><![CDATA[Jul 17, 2026 12:52:08 PM org.openqa.selenium.devtools.CdpVersionFinder findNearestMatch
WARNING: Unable to find an exact match for CDP version 150, returning the closest version; found: 149; Please update to a Selenium version that supports CDP version 150
]]></system-err>
  </testcase>
  <testcase name="verifyPasswordChangedSuccessfully" classname="com.employee.automation.ChangePasswordTest" time="0.542">
    <system-err><![CDATA[Jul 17, 2026 12:52:10 PM org.openqa.selenium.devtools.CdpVersionFinder findNearestMatch
WARNING: Unable to find an exact match for CDP version 150, returning the closest version; found: 149; Please update to a Selenium version that supports CDP version 150
]]></system-err>
  </testcase>
  <testcase name="verifyFieldsAreCleared" classname="com.employee.automation.ChangePasswordTest" time="0.741">
    <system-err><![CDATA[Jul 17, 2026 12:52:13 PM org.openqa.selenium.devtools.CdpVersionFinder findNearestMatch
WARNING: Unable to find an exact match for CDP version 150, returning the closest version; found: 149; Please update to a Selenium version that supports CDP version 150
]]></system-err>
  </testcase>
  <testcase name="verifyEditEmployeePageLoaded" classname="com.employee.automation.EditEmployeeTest" time="0.024">
    <system-err><![CDATA[Jul 17, 2026 12:52:15 PM org.openqa.selenium.devtools.CdpVersionFinder findNearestMatch
WARNING: Unable to find an exact match for CDP version 150, returning the closest version; found: 149; Please update to a Selenium version that supports CDP version 150
]]></system-err>
  </testcase>
  <testcase name="verifyEmployeeNameFieldDisplayed" classname="com.employee.automation.EditEmployeeTest" time="0.047">
    <system-err><![CDATA[Jul 17, 2026 12:52:38 PM org.openqa.selenium.devtools.CdpVersionFinder findNearestMatch
WARNING: Unable to find an exact match for CDP version 150, returning the closest version; found: 149; Please update to a Selenium version that supports CDP version 150
]]></system-err>
  </testcase>
  <testcase name="verifyUpdateButtonDisplayed" classname="com.employee.automation.EditEmployeeTest" time="0.064">
    <system-err><![CDATA[Jul 17, 2026 12:53:00 PM org.openqa.selenium.devtools.CdpVersionFinder findNearestMatch
WARNING: Unable to find an exact match for CDP version 150, returning the closest version; found: 149; Please update to a Selenium version that supports CDP version 150
]]></system-err>
  </testcase>
  <testcase name="verifyAllFieldsPresent" classname="com.employee.automation.EditEmployeeTest" time="0.398">
    <system-err><![CDATA[Jul 17, 2026 12:53:22 PM org.openqa.selenium.devtools.CdpVersionFinder findNearestMatch
WARNING: Unable to find an exact match for CDP version 150, returning the closest version; found: 149; Please update to a Selenium version that supports CDP version 150
]]></system-err>
  </testcase>
  <testcase name="verifyUpdateEmployee" classname="com.employee.automation.EditEmployeeTest" time="3.075">
    <system-err><![CDATA[Jul 17, 2026 12:53:45 PM org.openqa.selenium.devtools.CdpVersionFinder findNearestMatch
WARNING: Unable to find an exact match for CDP version 150, returning the closest version; found: 149; Please update to a Selenium version that supports CDP version 150
]]></system-err>
  </testcase>
  <testcase name="verifyEmployeeDashboardPageLoaded" classname="com.employee.automation.EmployeeDashboardTest" time="0.009">
    <system-err><![CDATA[Jul 17, 2026 12:54:10 PM org.openqa.selenium.devtools.CdpVersionFinder findNearestMatch
WARNING: Unable to find an exact match for CDP version 150, returning the closest version; found: 149; Please update to a Selenium version that supports CDP version 150
]]></system-err>
  </testcase>
  <testcase name="verifyWelcomeMessageDisplayed" classname="com.employee.automation.EmployeeDashboardTest" time="0.032">
    <system-err><![CDATA[Jul 17, 2026 12:54:12 PM org.openqa.selenium.devtools.CdpVersionFinder findNearestMatch
WARNING: Unable to find an exact match for CDP version 150, returning the closest version; found: 149; Please update to a Selenium version that supports CDP version 150
]]></system-err>
  </testcase>
  <testcase name="verifyEmployeeIdDisplayed" classname="com.employee.automation.EmployeeDashboardTest" time="0.044">
    <system-err><![CDATA[Jul 17, 2026 12:54:15 PM org.openqa.selenium.devtools.CdpVersionFinder findNearestMatch
WARNING: Unable to find an exact match for CDP version 150, returning the closest version; found: 149; Please update to a Selenium version that supports CDP version 150
]]></system-err>
  </testcase>
  <testcase name="verifyMyProfileCardDisplayed" classname="com.employee.automation.EmployeeDashboardTest" time="0.048">
    <system-err><![CDATA[Jul 17, 2026 12:54:17 PM org.openqa.selenium.devtools.CdpVersionFinder findNearestMatch
WARNING: Unable to find an exact match for CDP version 150, returning the closest version; found: 149; Please update to a Selenium version that supports CDP version 150
]]></system-err>
  </testcase>
  <testcase name="verifySalaryCardDisplayed" classname="com.employee.automation.EmployeeDashboardTest" time="0.047">
    <system-err><![CDATA[Jul 17, 2026 12:54:19 PM org.openqa.selenium.devtools.CdpVersionFinder findNearestMatch
WARNING: Unable to find an exact match for CDP version 150, returning the closest version; found: 149; Please update to a Selenium version that supports CDP version 150
]]></system-err>
  </testcase>
  <testcase name="verifyAttendanceCardDisplayed" classname="com.employee.automation.EmployeeDashboardTest" time="0.036">
    <system-err><![CDATA[Jul 17, 2026 12:54:21 PM org.openqa.selenium.devtools.CdpVersionFinder findNearestMatch
WARNING: Unable to find an exact match for CDP version 150, returning the closest version; found: 149; Please update to a Selenium version that supports CDP version 150
]]></system-err>
  </testcase>
  <testcase name="verifyLeaveCardDisplayed" classname="com.employee.automation.EmployeeDashboardTest" time="0.046">
    <system-err><![CDATA[Jul 17, 2026 12:54:23 PM org.openqa.selenium.devtools.CdpVersionFinder findNearestMatch
WARNING: Unable to find an exact match for CDP version 150, returning the closest version; found: 149; Please update to a Selenium version that supports CDP version 150
]]></system-err>
  </testcase>
  <testcase name="verifyNoticeCardDisplayed" classname="com.employee.automation.EmployeeDashboardTest" time="0.044">
    <system-err><![CDATA[Jul 17, 2026 12:54:26 PM org.openqa.selenium.devtools.CdpVersionFinder findNearestMatch
WARNING: Unable to find an exact match for CDP version 150, returning the closest version; found: 149; Please update to a Selenium version that supports CDP version 150
]]></system-err>
  </testcase>
  <testcase name="verifyChangePasswordCardDisplayed" classname="com.employee.automation.EmployeeDashboardTest" time="0.043">
    <system-err><![CDATA[Jul 17, 2026 12:54:28 PM org.openqa.selenium.devtools.CdpVersionFinder findNearestMatch
WARNING: Unable to find an exact match for CDP version 150, returning the closest version; found: 149; Please update to a Selenium version that supports CDP version 150
]]></system-err>
  </testcase>
  <testcase name="verifyEmployeesPageLoaded" classname="com.employee.automation.EmployeesTest" time="0.018">
    <system-err><![CDATA[Jul 17, 2026 12:54:30 PM org.openqa.selenium.devtools.CdpVersionFinder findNearestMatch
WARNING: Unable to find an exact match for CDP version 150, returning the closest version; found: 149; Please update to a Selenium version that supports CDP version 150
]]></system-err>
  </testcase>
  <testcase name="verifyHeadingDisplayed" classname="com.employee.automation.EmployeesTest" time="0.058">
    <system-err><![CDATA[Jul 17, 2026 12:54:32 PM org.openqa.selenium.devtools.CdpVersionFinder findNearestMatch
WARNING: Unable to find an exact match for CDP version 150, returning the closest version; found: 149; Please update to a Selenium version that supports CDP version 150
]]></system-err>
  </testcase>
  <testcase name="verifyDepartmentFilterDisplayed" classname="com.employee.automation.EmployeesTest" time="0.062">
    <system-err><![CDATA[Jul 17, 2026 12:54:34 PM org.openqa.selenium.devtools.CdpVersionFinder findNearestMatch
WARNING: Unable to find an exact match for CDP version 150, returning the closest version; found: 149; Please update to a Selenium version that supports CDP version 150
]]></system-err>
  </testcase>
  <testcase name="verifyDepartmentFilterWorks" classname="com.employee.automation.EmployeesTest" time="0.402">
    <system-err><![CDATA[Jul 17, 2026 12:54:37 PM org.openqa.selenium.devtools.CdpVersionFinder findNearestMatch
WARNING: Unable to find an exact match for CDP version 150, returning the closest version; found: 149; Please update to a Selenium version that supports CDP version 150
]]></system-err>
  </testcase>
  <testcase name="verifyEmployeeTableDisplayed" classname="com.employee.automation.EmployeesTest" time="0.06">
    <system-err><![CDATA[Jul 17, 2026 12:54:40 PM org.openqa.selenium.devtools.CdpVersionFinder findNearestMatch
WARNING: Unable to find an exact match for CDP version 150, returning the closest version; found: 149; Please update to a Selenium version that supports CDP version 150
]]></system-err>
  </testcase>
  <testcase name="verifyEmployeeRowsPresent" classname="com.employee.automation.EmployeesTest" time="0.032">
    <system-err><![CDATA[Jul 17, 2026 12:54:42 PM org.openqa.selenium.devtools.CdpVersionFinder findNearestMatch
WARNING: Unable to find an exact match for CDP version 150, returning the closest version; found: 149; Please update to a Selenium version that supports CDP version 150
]]></system-err>
  </testcase>
  <testcase name="verifyEditButtonDisplayed" classname="com.employee.automation.EmployeesTest" time="1.014">
    <system-err><![CDATA[Jul 17, 2026 12:54:44 PM org.openqa.selenium.devtools.CdpVersionFinder findNearestMatch
WARNING: Unable to find an exact match for CDP version 150, returning the closest version; found: 149; Please update to a Selenium version that supports CDP version 150
]]></system-err>
  </testcase>
  <testcase name="verifyDeleteButtonDisplayed" classname="com.employee.automation.EmployeesTest" time="1.574">
    <system-err><![CDATA[Jul 17, 2026 12:54:48 PM org.openqa.selenium.devtools.CdpVersionFinder findNearestMatch
WARNING: Unable to find an exact match for CDP version 150, returning the closest version; found: 149; Please update to a Selenium version that supports CDP version 150
]]></system-err>
  </testcase>
  <testcase name="verifyDeleteConfirmationPopup" classname="com.employee.automation.EmployeesTest" time="1.16">
    <system-err><![CDATA[Jul 17, 2026 12:54:51 PM org.openqa.selenium.devtools.CdpVersionFinder findNearestMatch
WARNING: Unable to find an exact match for CDP version 150, returning the closest version; found: 149; Please update to a Selenium version that supports CDP version 150
]]></system-err>
  </testcase>
  <testcase name="verifyHomePageLoaded" classname="com.employee.automation.HomeTest" time="0.01">
    <system-err><![CDATA[Jul 17, 2026 12:54:55 PM org.openqa.selenium.devtools.CdpVersionFinder findNearestMatch
WARNING: Unable to find an exact match for CDP version 150, returning the closest version; found: 149; Please update to a Selenium version that supports CDP version 150
]]></system-err>
  </testcase>
  <testcase name="verifyHeadingDisplayed" classname="com.employee.automation.HomeTest" time="0.07">
    <system-err><![CDATA[Jul 17, 2026 12:54:57 PM org.openqa.selenium.devtools.CdpVersionFinder findNearestMatch
WARNING: Unable to find an exact match for CDP version 150, returning the closest version; found: 149; Please update to a Selenium version that supports CDP version 150
]]></system-err>
  </testcase>
  <testcase name="verifyDashboardCardsDisplayed" classname="com.employee.automation.HomeTest" time="0.025">
    <system-err><![CDATA[Jul 17, 2026 12:55:00 PM org.openqa.selenium.devtools.CdpVersionFinder findNearestMatch
WARNING: Unable to find an exact match for CDP version 150, returning the closest version; found: 149; Please update to a Selenium version that supports CDP version 150
]]></system-err>
  </testcase>
  <testcase name="verifyViewEmployeesButtonDisplayed" classname="com.employee.automation.HomeTest" time="0.045">
    <system-err><![CDATA[Jul 17, 2026 12:55:02 PM org.openqa.selenium.devtools.CdpVersionFinder findNearestMatch
WARNING: Unable to find an exact match for CDP version 150, returning the closest version; found: 149; Please update to a Selenium version that supports CDP version 150
]]></system-err>
  </testcase>
  <testcase name="verifyAddEmployeeButtonDisplayed" classname="com.employee.automation.HomeTest" time="0.076">
    <system-err><![CDATA[Jul 17, 2026 12:55:04 PM org.openqa.selenium.devtools.CdpVersionFinder findNearestMatch
WARNING: Unable to find an exact match for CDP version 150, returning the closest version; found: 149; Please update to a Selenium version that supports CDP version 150
]]></system-err>
  </testcase>
  <testcase name="verifyAdminDashboardButtonDisplayed" classname="com.employee.automation.HomeTest" time="0.059">
    <system-err><![CDATA[Jul 17, 2026 12:55:08 PM org.openqa.selenium.devtools.CdpVersionFinder findNearestMatch
WARNING: Unable to find an exact match for CDP version 150, returning the closest version; found: 149; Please update to a Selenium version that supports CDP version 150
]]></system-err>
  </testcase>
  <testcase name="verifyEmployeeDashboardButtonDisplayed" classname="com.employee.automation.HomeTest" time="1.249">
    <system-err><![CDATA[Jul 17, 2026 12:55:10 PM org.openqa.selenium.devtools.CdpVersionFinder findNearestMatch
WARNING: Unable to find an exact match for CDP version 150, returning the closest version; found: 149; Please update to a Selenium version that supports CDP version 150
]]></system-err>
  </testcase>
  <testcase name="verifyRecentEmployeesHeadingDisplayed" classname="com.employee.automation.HomeTest" time="0.052">
    <system-err><![CDATA[Jul 17, 2026 12:55:13 PM org.openqa.selenium.devtools.CdpVersionFinder findNearestMatch
WARNING: Unable to find an exact match for CDP version 150, returning the closest version; found: 149; Please update to a Selenium version that supports CDP version 150
]]></system-err>
  </testcase>
  <testcase name="verifyRecentEmployeesTableDisplayed" classname="com.employee.automation.HomeTest" time="0.959">
    <system-err><![CDATA[Jul 17, 2026 12:55:15 PM org.openqa.selenium.devtools.CdpVersionFinder findNearestMatch
WARNING: Unable to find an exact match for CDP version 150, returning the closest version; found: 149; Please update to a Selenium version that supports CDP version 150
]]></system-err>
  </testcase>
  <testcase name="verifyRecentEmployeesRowsPresent" classname="com.employee.automation.HomeTest" time="0.832">
    <system-err><![CDATA[Jul 17, 2026 12:55:18 PM org.openqa.selenium.devtools.CdpVersionFinder findNearestMatch
WARNING: Unable to find an exact match for CDP version 150, returning the closest version; found: 149; Please update to a Selenium version that supports CDP version 150
]]></system-err>
  </testcase>
  <testcase name="verifyLeavePageLoaded" classname="com.employee.automation.LeaveTest" time="0.013">
    <system-err><![CDATA[Jul 17, 2026 12:55:22 PM org.openqa.selenium.devtools.CdpVersionFinder findNearestMatch
WARNING: Unable to find an exact match for CDP version 150, returning the closest version; found: 149; Please update to a Selenium version that supports CDP version 150
]]></system-err>
  </testcase>
  <testcase name="verifyHeadingDisplayed" classname="com.employee.automation.LeaveTest" time="0.041">
    <system-err><![CDATA[Jul 17, 2026 12:55:26 PM org.openqa.selenium.devtools.CdpVersionFinder findNearestMatch
WARNING: Unable to find an exact match for CDP version 150, returning the closest version; found: 149; Please update to a Selenium version that supports CDP version 150
]]></system-err>
  </testcase>
  <testcase name="verifyLeaveTypeDropdownDisplayed" classname="com.employee.automation.LeaveTest" time="0.025">
    <system-err><![CDATA[Jul 17, 2026 12:55:28 PM org.openqa.selenium.devtools.CdpVersionFinder findNearestMatch
WARNING: Unable to find an exact match for CDP version 150, returning the closest version; found: 149; Please update to a Selenium version that supports CDP version 150
]]></system-err>
  </testcase>
  <testcase name="verifyLeaveFormSubmission" classname="com.employee.automation.LeaveTest" time="0.655">
    <system-err><![CDATA[Jul 17, 2026 12:55:31 PM org.openqa.selenium.devtools.CdpVersionFinder findNearestMatch
WARNING: Unable to find an exact match for CDP version 150, returning the closest version; found: 149; Please update to a Selenium version that supports CDP version 150
]]></system-err>
  </testcase>
  <testcase name="verifyLeaveStatusTableDisplayed" classname="com.employee.automation.LeaveTest" time="0.032">
    <system-err><![CDATA[Jul 17, 2026 12:55:35 PM org.openqa.selenium.devtools.CdpVersionFinder findNearestMatch
WARNING: Unable to find an exact match for CDP version 150, returning the closest version; found: 149; Please update to a Selenium version that supports CDP version 150
]]></system-err>
  </testcase>
  <testcase name="verifyApprovedStatusDisplayed" classname="com.employee.automation.LeaveTest" time="0.046">
    <system-err><![CDATA[Jul 17, 2026 12:55:37 PM org.openqa.selenium.devtools.CdpVersionFinder findNearestMatch
WARNING: Unable to find an exact match for CDP version 150, returning the closest version; found: 149; Please update to a Selenium version that supports CDP version 150
]]></system-err>
  </testcase>
  <testcase name="verifyPendingStatusDisplayed" classname="com.employee.automation.LeaveTest" time="0.058">
    <system-err><![CDATA[Jul 17, 2026 12:55:40 PM org.openqa.selenium.devtools.CdpVersionFinder findNearestMatch
WARNING: Unable to find an exact match for CDP version 150, returning the closest version; found: 149; Please update to a Selenium version that supports CDP version 150
]]></system-err>
  </testcase>
  <testcase name="verifyLoginPageLoaded" classname="com.employee.automation.LoginTest" time="0.014">
    <system-err><![CDATA[Jul 17, 2026 12:55:42 PM org.openqa.selenium.devtools.CdpVersionFinder findNearestMatch
WARNING: Unable to find an exact match for CDP version 150, returning the closest version; found: 149; Please update to a Selenium version that supports CDP version 150
]]></system-err>
  </testcase>
  <testcase name="verifyLoginFieldsDisplayed" classname="com.employee.automation.LoginTest" time="0.139">
    <system-err><![CDATA[Jul 17, 2026 12:55:45 PM org.openqa.selenium.devtools.CdpVersionFinder findNearestMatch
WARNING: Unable to find an exact match for CDP version 150, returning the closest version; found: 149; Please update to a Selenium version that supports CDP version 150
]]></system-err>
  </testcase>
  <testcase name="verifyEmptyLoginValidation" classname="com.employee.automation.LoginTest" time="0.154">
    <system-err><![CDATA[Jul 17, 2026 12:55:47 PM org.openqa.selenium.devtools.CdpVersionFinder findNearestMatch
WARNING: Unable to find an exact match for CDP version 150, returning the closest version; found: 149; Please update to a Selenium version that supports CDP version 150
]]></system-err>
  </testcase>
  <testcase name="verifyAdminLogin" classname="com.employee.automation.LoginTest" time="0.594">
    <system-err><![CDATA[Jul 17, 2026 12:55:49 PM org.openqa.selenium.devtools.CdpVersionFinder findNearestMatch
WARNING: Unable to find an exact match for CDP version 150, returning the closest version; found: 149; Please update to a Selenium version that supports CDP version 150
]]></system-err>
  </testcase>
  <testcase name="verifyEmployeeLogin" classname="com.employee.automation.LoginTest" time="2.041">
    <system-err><![CDATA[Jul 17, 2026 12:55:53 PM org.openqa.selenium.devtools.CdpVersionFinder findNearestMatch
WARNING: Unable to find an exact match for CDP version 150, returning the closest version; found: 149; Please update to a Selenium version that supports CDP version 150
]]></system-err>
  </testcase>
  <testcase name="verifyInvalidLogin" classname="com.employee.automation.LoginTest" time="0.335">
    <system-err><![CDATA[Jul 17, 2026 12:55:57 PM org.openqa.selenium.devtools.CdpVersionFinder findNearestMatch
WARNING: Unable to find an exact match for CDP version 150, returning the closest version; found: 149; Please update to a Selenium version that supports CDP version 150
]]></system-err>
  </testcase>
  <testcase name="verifyEmployeeNotFound" classname="com.employee.automation.LoginTest" time="1.916">
    <system-err><![CDATA[Jul 17, 2026 12:56:00 PM org.openqa.selenium.devtools.CdpVersionFinder findNearestMatch
WARNING: Unable to find an exact match for CDP version 150, returning the closest version; found: 149; Please update to a Selenium version that supports CDP version 150
]]></system-err>
  </testcase>
  <testcase name="verifyMyProfilePageLoaded" classname="com.employee.automation.MyProfileTest" time="0.133">
    <system-err><![CDATA[Jul 17, 2026 12:56:04 PM org.openqa.selenium.devtools.CdpVersionFinder findNearestMatch
WARNING: Unable to find an exact match for CDP version 150, returning the closest version; found: 149; Please update to a Selenium version that supports CDP version 150
]]></system-err>
  </testcase>
  <testcase name="verifyProfileHeadingDisplayed" classname="com.employee.automation.MyProfileTest" time="0.742">
    <system-err><![CDATA[Jul 17, 2026 12:56:07 PM org.openqa.selenium.devtools.CdpVersionFinder findNearestMatch
WARNING: Unable to find an exact match for CDP version 150, returning the closest version; found: 149; Please update to a Selenium version that supports CDP version 150
]]></system-err>
  </testcase>
  <testcase name="verifyProfileImageDisplayed" classname="com.employee.automation.MyProfileTest" time="0.547">
    <system-err><![CDATA[Jul 17, 2026 12:56:10 PM org.openqa.selenium.devtools.CdpVersionFinder findNearestMatch
WARNING: Unable to find an exact match for CDP version 150, returning the closest version; found: 149; Please update to a Selenium version that supports CDP version 150
]]></system-err>
  </testcase>
  <testcase name="verifyEmployeeNameDisplayed" classname="com.employee.automation.MyProfileTest" time="0.189">
    <system-err><![CDATA[Jul 17, 2026 12:56:14 PM org.openqa.selenium.devtools.CdpVersionFinder findNearestMatch
WARNING: Unable to find an exact match for CDP version 150, returning the closest version; found: 149; Please update to a Selenium version that supports CDP version 150
]]></system-err>
  </testcase>
  <testcase name="verifyDepartmentDisplayed" classname="com.employee.automation.MyProfileTest" time="1.294">
    <system-err><![CDATA[Jul 17, 2026 12:56:16 PM org.openqa.selenium.devtools.CdpVersionFinder findNearestMatch
WARNING: Unable to find an exact match for CDP version 150, returning the closest version; found: 149; Please update to a Selenium version that supports CDP version 150
]]></system-err>
  </testcase>
  <testcase name="verifyEmployeeDetailsDisplayed" classname="com.employee.automation.MyProfileTest" time="0.845">
    <system-err><![CDATA[Jul 17, 2026 12:56:20 PM org.openqa.selenium.devtools.CdpVersionFinder findNearestMatch
WARNING: Unable to find an exact match for CDP version 150, returning the closest version; found: 149; Please update to a Selenium version that supports CDP version 150
]]></system-err>
  </testcase>
  <testcase name="verifySalaryDisplayed" classname="com.employee.automation.MyProfileTest" time="0.57">
    <system-err><![CDATA[Jul 17, 2026 12:56:23 PM org.openqa.selenium.devtools.CdpVersionFinder findNearestMatch
WARNING: Unable to find an exact match for CDP version 150, returning the closest version; found: 149; Please update to a Selenium version that supports CDP version 150
]]></system-err>
  </testcase>
  <testcase name="verifyStatusDisplayed" classname="com.employee.automation.MyProfileTest" time="1.124">
    <system-err><![CDATA[Jul 17, 2026 12:56:27 PM org.openqa.selenium.devtools.CdpVersionFinder findNearestMatch
WARNING: Unable to find an exact match for CDP version 150, returning the closest version; found: 149; Please update to a Selenium version that supports CDP version 150
]]></system-err>
  </testcase>
  <testcase name="verifyNoticePageLoaded" classname="com.employee.automation.NoticeTest" time="0.014">
    <system-err><![CDATA[Jul 17, 2026 12:56:30 PM org.openqa.selenium.devtools.CdpVersionFinder findNearestMatch
WARNING: Unable to find an exact match for CDP version 150, returning the closest version; found: 149; Please update to a Selenium version that supports CDP version 150
]]></system-err>
  </testcase>
  <testcase name="verifyHeadingDisplayed" classname="com.employee.automation.NoticeTest" time="0.067">
    <system-err><![CDATA[Jul 17, 2026 12:56:32 PM org.openqa.selenium.devtools.CdpVersionFinder findNearestMatch
WARNING: Unable to find an exact match for CDP version 150, returning the closest version; found: 149; Please update to a Selenium version that supports CDP version 150
]]></system-err>
  </testcase>
  <testcase name="verifyDescriptionDisplayed" classname="com.employee.automation.NoticeTest" time="0.098">
    <system-err><![CDATA[Jul 17, 2026 12:56:35 PM org.openqa.selenium.devtools.CdpVersionFinder findNearestMatch
WARNING: Unable to find an exact match for CDP version 150, returning the closest version; found: 149; Please update to a Selenium version that supports CDP version 150
]]></system-err>
  </testcase>
  <testcase name="verifyTeamMeeting" classname="com.employee.automation.NoticeTest" time="0.078">
    <system-err><![CDATA[Jul 17, 2026 12:56:37 PM org.openqa.selenium.devtools.CdpVersionFinder findNearestMatch
WARNING: Unable to find an exact match for CDP version 150, returning the closest version; found: 149; Please update to a Selenium version that supports CDP version 150
]]></system-err>
  </testcase>
  <testcase name="verifyPublicHoliday" classname="com.employee.automation.NoticeTest" time="0.05">
    <system-err><![CDATA[Jul 17, 2026 12:56:40 PM org.openqa.selenium.devtools.CdpVersionFinder findNearestMatch
WARNING: Unable to find an exact match for CDP version 150, returning the closest version; found: 149; Please update to a Selenium version that supports CDP version 150
]]></system-err>
  </testcase>
  <testcase name="verifySalaryUpdate" classname="com.employee.automation.NoticeTest" time="0.051">
    <system-err><![CDATA[Jul 17, 2026 12:56:44 PM org.openqa.selenium.devtools.CdpVersionFinder findNearestMatch
WARNING: Unable to find an exact match for CDP version 150, returning the closest version; found: 149; Please update to a Selenium version that supports CDP version 150
]]></system-err>
  </testcase>
  <testcase name="verifyBirthdayWishes" classname="com.employee.automation.NoticeTest" time="0.058">
    <system-err><![CDATA[Jul 17, 2026 12:56:47 PM org.openqa.selenium.devtools.CdpVersionFinder findNearestMatch
WARNING: Unable to find an exact match for CDP version 150, returning the closest version; found: 149; Please update to a Selenium version that supports CDP version 150
]]></system-err>
  </testcase>
  <testcase name="verifyTrainingProgram" classname="com.employee.automation.NoticeTest" time="0.057">
    <system-err><![CDATA[Jul 17, 2026 12:56:50 PM org.openqa.selenium.devtools.CdpVersionFinder findNearestMatch
WARNING: Unable to find an exact match for CDP version 150, returning the closest version; found: 149; Please update to a Selenium version that supports CDP version 150
]]></system-err>
  </testcase>
  <testcase name="verifyEmployeeOfMonth" classname="com.employee.automation.NoticeTest" time="0.056">
    <system-err><![CDATA[Jul 17, 2026 12:56:53 PM org.openqa.selenium.devtools.CdpVersionFinder findNearestMatch
WARNING: Unable to find an exact match for CDP version 150, returning the closest version; found: 149; Please update to a Selenium version that supports CDP version 150
]]></system-err>
  </testcase>
  <testcase name="verifyTotalNoticeCards" classname="com.employee.automation.NoticeTest" time="0.015">
    <system-err><![CDATA[Jul 17, 2026 12:56:55 PM org.openqa.selenium.devtools.CdpVersionFinder findNearestMatch
WARNING: Unable to find an exact match for CDP version 150, returning the closest version; found: 149; Please update to a Selenium version that supports CDP version 150
]]></system-err>
  </testcase>
</testsuite>