<?xml version="1.0" encoding="UTF-8"?>
<!-- Generated by org.testng.reporters.JUnitReportReporter -->
<testsuite hostname="DESKTOP-S2OG986" failures="0" tests="5" name="com.employee.automation.ChangePasswordTest" time="11.452" errors="0" timestamp="2026-07-17T12:56:57 IST" skipped="0">
  <testcase classname="com.employee.automation.ChangePasswordTest" name="verifyPageLoaded" time="1.852"/>
  <testcase classname="com.employee.automation.ChangePasswordTest" name="verifyEmptyFieldsValidation" time="1.963"/>
  <testcase classname="com.employee.automation.ChangePasswordTest" name="verifyPasswordMismatchValidation" time="2.770"/>
  <testcase classname="com.employee.automation.ChangePasswordTest" name="verifyPasswordChangedSuccessfully" time="2.325"/>
  <testcase classname="com.employee.automation.ChangePasswordTest" name="verifyFieldsAreCleared" time="2.542"/>
</testsuite> <!-- com.employee.automation.ChangePasswordTest -->
