<?xml version="1.0" encoding="UTF-8"?>
<!-- Generated by org.testng.reporters.JUnitReportReporter -->
<testsuite hostname="DESKTOP-S2OG986" failures="0" tests="7" name="com.employee.automation.LeaveTest" time="20.690" errors="0" timestamp="2026-07-17T12:56:57 IST" skipped="0">
  <testcase classname="com.employee.automation.LeaveTest" name="verifyLeavePageLoaded" time="2.612"/>
  <testcase classname="com.employee.automation.LeaveTest" name="verifyHeadingDisplayed" time="4.477"/>
  <testcase classname="com.employee.automation.LeaveTest" name="verifyLeaveTypeDropdownDisplayed" time="2.885"/>
  <testcase classname="com.employee.automation.LeaveTest" name="verifyLeaveFormSubmission" time="2.697"/>
  <testcase classname="com.employee.automation.LeaveTest" name="verifyLeaveStatusTableDisplayed" time="2.194"/>
  <testcase classname="com.employee.automation.LeaveTest" name="verifyApprovedStatusDisplayed" time="3.087"/>
  <testcase classname="com.employee.automation.LeaveTest" name="verifyPendingStatusDisplayed" time="2.738"/>
</testsuite> <!-- com.employee.automation.LeaveTest -->
