<?xml version="1.0" encoding="UTF-8"?>
<!-- Generated by org.testng.reporters.JUnitReportReporter -->
<testsuite hostname="DESKTOP-S2OG986" failures="0" tests="9" name="com.employee.automation.EmployeesTest" time="25.183" errors="0" timestamp="2026-07-17T12:56:57 IST" skipped="0">
  <testcase classname="com.employee.automation.EmployeesTest" name="verifyEmployeesPageLoaded" time="2.148"/>
  <testcase classname="com.employee.automation.EmployeesTest" name="verifyHeadingDisplayed" time="2.335"/>
  <testcase classname="com.employee.automation.EmployeesTest" name="verifyDepartmentFilterDisplayed" time="3.067"/>
  <testcase classname="com.employee.automation.EmployeesTest" name="verifyDepartmentFilterWorks" time="2.381"/>
  <testcase classname="com.employee.automation.EmployeesTest" name="verifyEmployeeTableDisplayed" time="2.082"/>
  <testcase classname="com.employee.automation.EmployeesTest" name="verifyEmployeeRowsPresent" time="2.426"/>
  <testcase classname="com.employee.automation.EmployeesTest" name="verifyEditButtonDisplayed" time="3.004"/>
  <testcase classname="com.employee.automation.EmployeesTest" name="verifyDeleteButtonDisplayed" time="3.997"/>
  <testcase classname="com.employee.automation.EmployeesTest" name="verifyDeleteConfirmationPopup" time="3.743"/>
</testsuite> <!-- com.employee.automation.EmployeesTest -->
