<?xml version="1.0" encoding="UTF-8"?>
<!-- Generated by org.testng.reporters.JUnitReportReporter -->
<testsuite hostname="DESKTOP-S2OG986" failures="0" tests="8" name="com.employee.automation.MyProfileTest" time="26.343" errors="0" timestamp="2026-07-17T12:56:57 IST" skipped="0">
  <testcase classname="com.employee.automation.MyProfileTest" name="verifyMyProfilePageLoaded" time="3.106"/>
  <testcase classname="com.employee.automation.MyProfileTest" name="verifyProfileHeadingDisplayed" time="3.061"/>
  <testcase classname="com.employee.automation.MyProfileTest" name="verifyProfileImageDisplayed" time="2.709"/>
  <testcase classname="com.employee.automation.MyProfileTest" name="verifyEmployeeNameDisplayed" time="2.820"/>
  <testcase classname="com.employee.automation.MyProfileTest" name="verifyDepartmentDisplayed" time="4.380"/>
  <testcase classname="com.employee.automation.MyProfileTest" name="verifyEmployeeDetailsDisplayed" time="2.785"/>
  <testcase classname="com.employee.automation.MyProfileTest" name="verifySalaryDisplayed" time="4.281"/>
  <testcase classname="com.employee.automation.MyProfileTest" name="verifyStatusDisplayed" time="3.201"/>
</testsuite> <!-- com.employee.automation.MyProfileTest -->
