<?xml version="1.0" encoding="UTF-8"?>
<!-- Generated by org.testng.reporters.JUnitXMLReporter -->
<testsuite ignored="0" hostname="DESKTOP-S2OG986" failures="0" tests="73" name="Surefire test" time="339.772" errors="0" timestamp="2026-07-17T12:56:57 IST">
  <testcase classname="com.employee.automation.AddEmployeeTest" name="addEmployee" time="13.624"/>
  <testcase classname="com.employee.automation.AdminDashboardTest" name="adminDashboardTest" time="19.964"/>
  <testcase classname="com.employee.automation.AttendanceTest" name="attendanceTest" time="12.411"/>
  <testcase classname="com.employee.automation.ChangePasswordTest" name="verifyPageLoaded" time="0.015"/>
  <testcase classname="com.employee.automation.ChangePasswordTest" name="verifyEmptyFieldsValidation" time="0.168"/>
  <testcase classname="com.employee.automation.ChangePasswordTest" name="verifyPasswordMismatchValidation" time="0.523"/>
  <testcase classname="com.employee.automation.ChangePasswordTest" name="verifyPasswordChangedSuccessfully" time="0.542"/>
  <testcase classname="com.employee.automation.ChangePasswordTest" name="verifyFieldsAreCleared" time="0.741"/>
  <testcase classname="com.employee.automation.EditEmployeeTest" name="verifyEditEmployeePageLoaded" time="0.008"/>
  <testcase classname="com.employee.automation.EditEmployeeTest" name="verifyEmployeeNameFieldDisplayed" time="0.047"/>
  <testcase classname="com.employee.automation.EditEmployeeTest" name="verifyUpdateButtonDisplayed" time="0.059"/>
  <testcase classname="com.employee.automation.EditEmployeeTest" name="verifyAllFieldsPresent" time="0.398"/>
  <testcase classname="com.employee.automation.EditEmployeeTest" name="verifyUpdateEmployee" time="3.073"/>
  <testcase classname="com.employee.automation.EmployeeDashboardTest" name="verifyEmployeeDashboardPageLoaded" time="0.011"/>
  <testcase classname="com.employee.automation.EmployeeDashboardTest" name="verifyWelcomeMessageDisplayed" time="0.041"/>
  <testcase classname="com.employee.automation.EmployeeDashboardTest" name="verifyEmployeeIdDisplayed" time="0.044"/>
  <testcase classname="com.employee.automation.EmployeeDashboardTest" name="verifyMyProfileCardDisplayed" time="0.05"/>
  <testcase classname="com.employee.automation.EmployeeDashboardTest" name="verifySalaryCardDisplayed" time="0.047"/>
  <testcase classname="com.employee.automation.EmployeeDashboardTest" name="verifyAttendanceCardDisplayed" time="0.04"/>
  <testcase classname="com.employee.automation.EmployeeDashboardTest" name="verifyLeaveCardDisplayed" time="0.046"/>
  <testcase classname="com.employee.automation.EmployeeDashboardTest" name="verifyNoticeCardDisplayed" time="0.044"/>
  <testcase classname="com.employee.automation.EmployeeDashboardTest" name="verifyChangePasswordCardDisplayed" time="0.043"/>
  <testcase classname="com.employee.automation.EmployeesTest" name="verifyEmployeesPageLoaded" time="0.018"/>
  <testcase classname="com.employee.automation.EmployeesTest" name="verifyHeadingDisplayed" time="0.058"/>
  <testcase classname="com.employee.automation.EmployeesTest" name="verifyDepartmentFilterDisplayed" time="0.064"/>
  <testcase classname="com.employee.automation.EmployeesTest" name="verifyDepartmentFilterWorks" time="0.401"/>
  <testcase classname="com.employee.automation.EmployeesTest" name="verifyEmployeeTableDisplayed" time="0.063"/>
  <testcase classname="com.employee.automation.EmployeesTest" name="verifyEmployeeRowsPresent" time="0.033"/>
  <testcase classname="com.employee.automation.EmployeesTest" name="verifyEditButtonDisplayed" time="1.014"/>
  <testcase classname="com.employee.automation.EmployeesTest" name="verifyDeleteButtonDisplayed" time="1.566"/>
  <testcase classname="com.employee.automation.EmployeesTest" name="verifyDeleteConfirmationPopup" time="1.16"/>
  <testcase classname="com.employee.automation.HomeTest" name="verifyHomePageLoaded" time="0.01"/>
  <testcase classname="com.employee.automation.HomeTest" name="verifyHeadingDisplayed" time="0.07"/>
  <testcase classname="com.employee.automation.HomeTest" name="verifyDashboardCardsDisplayed" time="0.025"/>
  <testcase classname="com.employee.automation.HomeTest" name="verifyViewEmployeesButtonDisplayed" time="0.043"/>
  <testcase classname="com.employee.automation.HomeTest" name="verifyAddEmployeeButtonDisplayed" time="0.076"/>
  <testcase classname="com.employee.automation.HomeTest" name="verifyAdminDashboardButtonDisplayed" time="0.059"/>
  <testcase classname="com.employee.automation.HomeTest" name="verifyEmployeeDashboardButtonDisplayed" time="1.249"/>
  <testcase classname="com.employee.automation.HomeTest" name="verifyRecentEmployeesHeadingDisplayed" time="0.052"/>
  <testcase classname="com.employee.automation.HomeTest" name="verifyRecentEmployeesTableDisplayed" time="0.953"/>
  <testcase classname="com.employee.automation.HomeTest" name="verifyRecentEmployeesRowsPresent" time="0.829"/>
  <testcase classname="com.employee.automation.LeaveTest" name="verifyLeavePageLoaded" time="0.013"/>
  <testcase classname="com.employee.automation.LeaveTest" name="verifyHeadingDisplayed" time="0.045"/>
  <testcase classname="com.employee.automation.LeaveTest" name="verifyLeaveTypeDropdownDisplayed" time="0.027"/>
  <testcase classname="com.employee.automation.LeaveTest" name="verifyLeaveFormSubmission" time="0.655"/>
  <testcase classname="com.employee.automation.LeaveTest" name="verifyLeaveStatusTableDisplayed" time="0.035"/>
  <testcase classname="com.employee.automation.LeaveTest" name="verifyApprovedStatusDisplayed" time="0.049"/>
  <testcase classname="com.employee.automation.LeaveTest" name="verifyPendingStatusDisplayed" time="0.058"/>
  <testcase classname="com.employee.automation.LoginTest" name="verifyLoginPageLoaded" time="0.018"/>
  <testcase classname="com.employee.automation.LoginTest" name="verifyLoginFieldsDisplayed" time="0.138"/>
  <testcase classname="com.employee.automation.LoginTest" name="verifyEmptyLoginValidation" time="0.154"/>
  <testcase classname="com.employee.automation.LoginTest" name="verifyAdminLogin" time="0.592"/>
  <testcase classname="com.employee.automation.LoginTest" name="verifyEmployeeLogin" time="2.043"/>
  <testcase classname="com.employee.automation.LoginTest" name="verifyInvalidLogin" time="0.335"/>
  <testcase classname="com.employee.automation.LoginTest" name="verifyEmployeeNotFound" time="1.916"/>
  <testcase classname="com.employee.automation.MyProfileTest" name="verifyMyProfilePageLoaded" time="0.133"/>
  <testcase classname="com.employee.automation.MyProfileTest" name="verifyProfileHeadingDisplayed" time="0.739"/>
  <testcase classname="com.employee.automation.MyProfileTest" name="verifyProfileImageDisplayed" time="0.545"/>
  <testcase classname="com.employee.automation.MyProfileTest" name="verifyEmployeeNameDisplayed" time="0.189"/>
  <testcase classname="com.employee.automation.MyProfileTest" name="verifyDepartmentDisplayed" time="1.295"/>
  <testcase classname="com.employee.automation.MyProfileTest" name="verifyEmployeeDetailsDisplayed" time="0.847"/>
  <testcase classname="com.employee.automation.MyProfileTest" name="verifySalaryDisplayed" time="0.566"/>
  <testcase classname="com.employee.automation.MyProfileTest" name="verifyStatusDisplayed" time="1.118"/>
  <testcase classname="com.employee.automation.NoticeTest" name="verifyNoticePageLoaded" time="0.014"/>
  <testcase classname="com.employee.automation.NoticeTest" name="verifyHeadingDisplayed" time="0.067"/>
  <testcase classname="com.employee.automation.NoticeTest" name="verifyDescriptionDisplayed" time="0.098"/>
  <testcase classname="com.employee.automation.NoticeTest" name="verifyTeamMeeting" time="0.069"/>
  <testcase classname="com.employee.automation.NoticeTest" name="verifyPublicHoliday" time="0.049"/>
  <testcase classname="com.employee.automation.NoticeTest" name="verifySalaryUpdate" time="0.052"/>
  <testcase classname="com.employee.automation.NoticeTest" name="verifyBirthdayWishes" time="0.058"/>
  <testcase classname="com.employee.automation.NoticeTest" name="verifyTrainingProgram" time="0.057"/>
  <testcase classname="com.employee.automation.NoticeTest" name="verifyEmployeeOfMonth" time="0.066"/>
  <testcase classname="com.employee.automation.NoticeTest" name="verifyTotalNoticeCards" time="0.016"/>
</testsuite> <!-- Surefire test -->
