<?xml version="1.0" encoding="UTF-8"?>
<!-- Generated by org.testng.reporters.JUnitReportReporter -->
<testsuite hostname="DESKTOP-S2OG986" failures="0" tests="5" name="com.employee.automation.EditEmployeeTest" time="114.780" errors="0" timestamp="2026-07-17T12:56:57 IST" skipped="0">
  <testcase classname="com.employee.automation.EditEmployeeTest" name="verifyEditEmployeePageLoaded" time="22.087"/>
  <testcase classname="com.employee.automation.EditEmployeeTest" name="verifyEmployeeNameFieldDisplayed" time="22.128"/>
  <testcase classname="com.employee.automation.EditEmployeeTest" name="verifyUpdateButtonDisplayed" time="22.264"/>
  <testcase classname="com.employee.automation.EditEmployeeTest" name="verifyAllFieldsPresent" time="22.912"/>
  <testcase classname="com.employee.automation.EditEmployeeTest" name="verifyUpdateEmployee" time="25.389"/>
</testsuite> <!-- com.employee.automation.EditEmployeeTest -->
