<?xml version="1.0" encoding="UTF-8"?>
<!-- Generated by org.testng.reporters.JUnitReportReporter -->
<testsuite hostname="DESKTOP-S2OG986" failures="0" tests="7" name="com.employee.automation.LoginTest" time="21.493" errors="0" timestamp="2026-07-17T12:56:57 IST" skipped="0">
  <testcase classname="com.employee.automation.LoginTest" name="verifyLoginPageLoaded" time="2.230"/>
  <testcase classname="com.employee.automation.LoginTest" name="verifyLoginFieldsDisplayed" time="2.748"/>
  <testcase classname="com.employee.automation.LoginTest" name="verifyEmptyLoginValidation" time="2.427"/>
  <testcase classname="com.employee.automation.LoginTest" name="verifyAdminLogin" time="2.797"/>
  <testcase classname="com.employee.automation.LoginTest" name="verifyEmployeeLogin" time="4.492"/>
  <testcase classname="com.employee.automation.LoginTest" name="verifyInvalidLogin" time="2.445"/>
  <testcase classname="com.employee.automation.LoginTest" name="verifyEmployeeNotFound" time="4.354"/>
</testsuite> <!-- com.employee.automation.LoginTest -->
