<?xml version="1.0" encoding="UTF-8"?>
<!-- Generated by org.testng.reporters.JUnitReportReporter -->
<testsuite hostname="DESKTOP-S2OG986" failures="0" tests="9" name="com.employee.automation.EmployeeDashboardTest" time="19.788" errors="0" timestamp="2026-07-17T12:56:57 IST" skipped="0">
  <testcase classname="com.employee.automation.EmployeeDashboardTest" name="verifyEmployeeDashboardPageLoaded" time="2.062"/>
  <testcase classname="com.employee.automation.EmployeeDashboardTest" name="verifyWelcomeMessageDisplayed" time="2.139"/>
  <testcase classname="com.employee.automation.EmployeeDashboardTest" name="verifyEmployeeIdDisplayed" time="2.712"/>
  <testcase classname="com.employee.automation.EmployeeDashboardTest" name="verifyMyProfileCardDisplayed" time="1.942"/>
  <testcase classname="com.employee.automation.EmployeeDashboardTest" name="verifySalaryCardDisplayed" time="2.320"/>
  <testcase classname="com.employee.automation.EmployeeDashboardTest" name="verifyAttendanceCardDisplayed" time="2.245"/>
  <testcase classname="com.employee.automation.EmployeeDashboardTest" name="verifyLeaveCardDisplayed" time="1.986"/>
  <testcase classname="com.employee.automation.EmployeeDashboardTest" name="verifyNoticeCardDisplayed" time="2.331"/>
  <testcase classname="com.employee.automation.EmployeeDashboardTest" name="verifyChangePasswordCardDisplayed" time="2.051"/>
</testsuite> <!-- com.employee.automation.EmployeeDashboardTest -->
