<?xml version="1.0" encoding="UTF-8"?>
<!-- Generated by org.testng.reporters.JUnitReportReporter -->
<testsuite hostname="DESKTOP-S2OG986" failures="0" tests="10" name="com.employee.automation.HomeTest" time="26.581" errors="0" timestamp="2026-07-17T12:56:57 IST" skipped="0">
  <testcase classname="com.employee.automation.HomeTest" name="verifyHomePageLoaded" time="2.321"/>
  <testcase classname="com.employee.automation.HomeTest" name="verifyHeadingDisplayed" time="4.340"/>
  <testcase classname="com.employee.automation.HomeTest" name="verifyDashboardCardsDisplayed" time="2.236"/>
  <testcase classname="com.employee.automation.HomeTest" name="verifyViewEmployeesButtonDisplayed" time="2.285"/>
  <testcase classname="com.employee.automation.HomeTest" name="verifyAddEmployeeButtonDisplayed" time="2.147"/>
  <testcase classname="com.employee.automation.HomeTest" name="verifyAdminDashboardButtonDisplayed" time="2.144"/>
  <testcase classname="com.employee.automation.HomeTest" name="verifyEmployeeDashboardButtonDisplayed" time="3.435"/>
  <testcase classname="com.employee.automation.HomeTest" name="verifyRecentEmployeesHeadingDisplayed" time="1.496"/>
  <testcase classname="com.employee.automation.HomeTest" name="verifyRecentEmployeesTableDisplayed" time="3.247"/>
  <testcase classname="com.employee.automation.HomeTest" name="verifyRecentEmployeesRowsPresent" time="2.930"/>
</testsuite> <!-- com.employee.automation.HomeTest -->
