<?xml version="1.0" encoding="UTF-8"?>
<!-- Generated by org.testng.reporters.JUnitReportReporter -->
<testsuite hostname="DESKTOP-S2OG986" failures="0" tests="10" name="com.employee.automation.NoticeTest" time="27.225" errors="0" timestamp="2026-07-17T12:56:57 IST" skipped="0">
  <testcase classname="com.employee.automation.NoticeTest" name="verifyNoticePageLoaded" time="3.612"/>
  <testcase classname="com.employee.automation.NoticeTest" name="verifyHeadingDisplayed" time="2.408"/>
  <testcase classname="com.employee.automation.NoticeTest" name="verifyDescriptionDisplayed" time="2.257"/>
  <testcase classname="com.employee.automation.NoticeTest" name="verifyTeamMeeting" time="2.842"/>
  <testcase classname="com.employee.automation.NoticeTest" name="verifyPublicHoliday" time="3.288"/>
  <testcase classname="com.employee.automation.NoticeTest" name="verifySalaryUpdate" time="2.232"/>
  <testcase classname="com.employee.automation.NoticeTest" name="verifyBirthdayWishes" time="3.297"/>
  <testcase classname="com.employee.automation.NoticeTest" name="verifyTrainingProgram" time="2.992"/>
  <testcase classname="com.employee.automation.NoticeTest" name="verifyEmployeeOfMonth" time="2.265"/>
  <testcase classname="com.employee.automation.NoticeTest" name="verifyTotalNoticeCards" time="2.032"/>
</testsuite> <!-- com.employee.automation.NoticeTest -->
